{"numFailedTestSuites":1,"numFailedTests":11,"numPassedTestSuites":9,"numPassedTests":94,"numPendingTestSuites":0,"numPendingTests":0,"numRuntimeErrorTestSuites":0,"numTodoTests":0,"numTotalTestSuites":10,"numTotalTests":105,"openHandles":[],"snapshot":{"added":0,"didUpdate":false,"failure":false,"filesAdded":0,"filesRemoved":0,"filesRemovedList":[],"filesUnmatched":0,"filesUpdated":0,"matched":0,"total":0,"unchecked":0,"uncheckedKeysByFile":[],"unmatched":0,"updated":0},"startTime":1756919387539,"success":false,"testResults":[{"assertionResults":[{"ancestorTitles":["NotionController"],"duration":11,"failing":false,"failureDetails":[{"type":"NotionController","context":{"index":1,"dependencies":[null,null]},"metadata":{"id":"dcf61831bde0d7ad3b3e0"},"moduleRef":{"id":"5030af2da55dcf61831bd"}}],"failureMessages":["Error: Nest can't resolve dependencies of the NotionController (NotionService, ?). Please make sure that the argument ConfigService at index [1] is available in the RootTestModule context.\n\nPotential solutions:\n- Is RootTestModule a valid NestJS module?\n- If ConfigService is a provider, is it part of the current RootTestModule?\n- If ConfigService is exported from a separate @Module, is that module imported within RootTestModule?\n  @Module({\n    imports: [ /* the Module containing ConfigService */ ]\n  })\n\n    at TestingInjector.lookupComponentInParentModules (H:\\aithreadstash-project\\backend\\node_modules\\@nestjs\\core\\injector\\injector.js:286:19)\n    at TestingInjector.resolveComponentWrapper (H:\\aithreadstash-project\\backend\\node_modules\\@nestjs\\testing\\testing-injector.js:19:45)\n    at resolveParam (H:\\aithreadstash-project\\backend\\node_modules\\@nestjs\\core\\injector\\injector.js:141:38)\n    at async Promise.all (index 1)\n    at TestingInjector.resolveConstructorParams (H:\\aithreadstash-project\\backend\\node_modules\\@nestjs\\core\\injector\\injector.js:169:27)\n    at TestingInjector.loadInstance (H:\\aithreadstash-project\\backend\\node_modules\\@nestjs\\core\\injector\\injector.js:75:13)\n    at TestingInjector.loadController (H:\\aithreadstash-project\\backend\\node_modules\\@nestjs\\core\\injector\\injector.js:94:9)\n    at H:\\aithreadstash-project\\backend\\node_modules\\@nestjs\\core\\injector\\instance-loader.js:68:13\n    at async Promise.all (index 0)\n    at TestingInstanceLoader.createInstancesOfControllers (H:\\aithreadstash-project\\backend\\node_modules\\@nestjs\\core\\injector\\instance-loader.js:67:9)\n    at H:\\aithreadstash-project\\backend\\node_modules\\@nestjs\\core\\injector\\instance-loader.js:42:13\n    at async Promise.all (index 1)\n    at TestingInstanceLoader.createInstances (H:\\aithreadstash-project\\backend\\node_modules\\@nestjs\\core\\injector\\instance-loader.js:39:9)\n    at TestingInstanceLoader.createInstancesOfDependencies (H:\\aithreadstash-project\\backend\\node_modules\\@nestjs\\core\\injector\\instance-loader.js:22:13)\n    at TestingInstanceLoader.createInstancesOfDependencies (H:\\aithreadstash-project\\backend\\node_modules\\@nestjs\\testing\\testing-instance-loader.js:9:9)\n    at TestingModuleBuilder.createInstancesOfDependencies (H:\\aithreadstash-project\\backend\\node_modules\\@nestjs\\testing\\testing-module.builder.js:118:9)\n    at TestingModuleBuilder.compile (H:\\aithreadstash-project\\backend\\node_modules\\@nestjs\\testing\\testing-module.builder.js:74:9)\n    at Object.<anonymous> (H:\\aithreadstash-project\\backend\\src\\notion\\notion.controller.spec.ts:24:35)"],"fullName":"NotionController 应该被定义","invocations":1,"location":null,"numPassingAsserts":0,"retryReasons":[],"startAt":1756919404177,"status":"failed","title":"应该被定义"},{"ancestorTitles":["NotionController","connectNotion"],"duration":4,"failing":false,"failureDetails":[{"type":"NotionController","context":{"index":1,"dependencies":[null,null]},"metadata":{"id":"ab3eefe0bfeab93c4fa00"},"moduleRef":{"id":"7ad3b3e08d5ab3eefe0bf"}}],"failureMessages":["Error: Nest can't resolve dependencies of the NotionController (NotionService, ?). Please make sure that the argument ConfigService at index [1] is available in the RootTestModule context.\n\nPotential solutions:\n- Is RootTestModule a valid NestJS module?\n- If ConfigService is a provider, is it part of the current RootTestModule?\n- If ConfigService is exported from a separate @Module, is that module imported within RootTestModule?\n  @Module({\n    imports: [ /* the Module containing ConfigService */ ]\n  })\n\n    at TestingInjector.lookupComponentInParentModules (H:\\aithreadstash-project\\backend\\node_modules\\@nestjs\\core\\injector\\injector.js:286:19)\n    at TestingInjector.resolveComponentWrapper (H:\\aithreadstash-project\\backend\\node_modules\\@nestjs\\testing\\testing-injector.js:19:45)\n    at resolveParam (H:\\aithreadstash-project\\backend\\node_modules\\@nestjs\\core\\injector\\injector.js:141:38)\n    at async Promise.all (index 1)\n    at TestingInjector.resolveConstructorParams (H:\\aithreadstash-project\\backend\\node_modules\\@nestjs\\core\\injector\\injector.js:169:27)\n    at TestingInjector.loadInstance (H:\\aithreadstash-project\\backend\\node_modules\\@nestjs\\core\\injector\\injector.js:75:13)\n    at TestingInjector.loadController (H:\\aithreadstash-project\\backend\\node_modules\\@nestjs\\core\\injector\\injector.js:94:9)\n    at H:\\aithreadstash-project\\backend\\node_modules\\@nestjs\\core\\injector\\instance-loader.js:68:13\n    at async Promise.all (index 0)\n    at TestingInstanceLoader.createInstancesOfControllers (H:\\aithreadstash-project\\backend\\node_modules\\@nestjs\\core\\injector\\instance-loader.js:67:9)\n    at H:\\aithreadstash-project\\backend\\node_modules\\@nestjs\\core\\injector\\instance-loader.js:42:13\n    at async Promise.all (index 1)\n    at TestingInstanceLoader.createInstances (H:\\aithreadstash-project\\backend\\node_modules\\@nestjs\\core\\injector\\instance-loader.js:39:9)\n    at TestingInstanceLoader.createInstancesOfDependencies (H:\\aithreadstash-project\\backend\\node_modules\\@nestjs\\core\\injector\\instance-loader.js:22:13)\n    at TestingInstanceLoader.createInstancesOfDependencies (H:\\aithreadstash-project\\backend\\node_modules\\@nestjs\\testing\\testing-instance-loader.js:9:9)\n    at TestingModuleBuilder.createInstancesOfDependencies (H:\\aithreadstash-project\\backend\\node_modules\\@nestjs\\testing\\testing-module.builder.js:118:9)\n    at TestingModuleBuilder.compile (H:\\aithreadstash-project\\backend\\node_modules\\@nestjs\\testing\\testing-module.builder.js:74:9)\n    at Object.<anonymous> (H:\\aithreadstash-project\\backend\\src\\notion\\notion.controller.spec.ts:24:35)"],"fullName":"NotionController connectNotion 应该成功连接Notion","invocations":1,"location":null,"numPassingAsserts":0,"retryReasons":[],"startAt":1756919404199,"status":"failed","title":"应该成功连接Notion"},{"ancestorTitles":["NotionController","selectDatabase"],"duration":2,"failing":false,"failureDetails":[{"type":"NotionController","context":{"index":1,"dependencies":[null,null]},"metadata":{"id":"f25dee410216a3b2a7343"},"moduleRef":{"id":"93c4fa00a3af25dee4102"}}],"failureMessages":["Error: Nest can't resolve dependencies of the NotionController (NotionService, ?). Please make sure that the argument ConfigService at index [1] is available in the RootTestModule context.\n\nPotential solutions:\n- Is RootTestModule a valid NestJS module?\n- If ConfigService is a provider, is it part of the current RootTestModule?\n- If ConfigService is exported from a separate @Module, is that module imported within RootTestModule?\n  @Module({\n    imports: [ /* the Module containing ConfigService */ ]\n  })\n\n    at TestingInjector.lookupComponentInParentModules (H:\\aithreadstash-project\\backend\\node_modules\\@nestjs\\core\\injector\\injector.js:286:19)\n    at TestingInjector.resolveComponentWrapper (H:\\aithreadstash-project\\backend\\node_modules\\@nestjs\\testing\\testing-injector.js:19:45)\n    at resolveParam (H:\\aithreadstash-project\\backend\\node_modules\\@nestjs\\core\\injector\\injector.js:141:38)\n    at async Promise.all (index 1)\n    at TestingInjector.resolveConstructorParams (H:\\aithreadstash-project\\backend\\node_modules\\@nestjs\\core\\injector\\injector.js:169:27)\n    at TestingInjector.loadInstance (H:\\aithreadstash-project\\backend\\node_modules\\@nestjs\\core\\injector\\injector.js:75:13)\n    at TestingInjector.loadController (H:\\aithreadstash-project\\backend\\node_modules\\@nestjs\\core\\injector\\injector.js:94:9)\n    at H:\\aithreadstash-project\\backend\\node_modules\\@nestjs\\core\\injector\\instance-loader.js:68:13\n    at async Promise.all (index 0)\n    at TestingInstanceLoader.createInstancesOfControllers (H:\\aithreadstash-project\\backend\\node_modules\\@nestjs\\core\\injector\\instance-loader.js:67:9)\n    at H:\\aithreadstash-project\\backend\\node_modules\\@nestjs\\core\\injector\\instance-loader.js:42:13\n    at async Promise.all (index 1)\n    at TestingInstanceLoader.createInstances (H:\\aithreadstash-project\\backend\\node_modules\\@nestjs\\core\\injector\\instance-loader.js:39:9)\n    at TestingInstanceLoader.createInstancesOfDependencies (H:\\aithreadstash-project\\backend\\node_modules\\@nestjs\\core\\injector\\instance-loader.js:22:13)\n    at TestingInstanceLoader.createInstancesOfDependencies (H:\\aithreadstash-project\\backend\\node_modules\\@nestjs\\testing\\testing-instance-loader.js:9:9)\n    at TestingModuleBuilder.createInstancesOfDependencies (H:\\aithreadstash-project\\backend\\node_modules\\@nestjs\\testing\\testing-module.builder.js:118:9)\n    at TestingModuleBuilder.compile (H:\\aithreadstash-project\\backend\\node_modules\\@nestjs\\testing\\testing-module.builder.js:74:9)\n    at Object.<anonymous> (H:\\aithreadstash-project\\backend\\src\\notion\\notion.controller.spec.ts:24:35)"],"fullName":"NotionController selectDatabase 应该成功选择数据库","invocations":1,"location":null,"numPassingAsserts":0,"retryReasons":[],"startAt":1756919404204,"status":"failed","title":"应该成功选择数据库"},{"ancestorTitles":["NotionController","getDatabases"],"duration":2,"failing":false,"failureDetails":[{"type":"NotionController","context":{"index":1,"dependencies":[null,null]},"metadata":{"id":"2230eed8ab3589d23b060"},"moduleRef":{"id":"3b2a734349d2230eed8ab"}}],"failureMessages":["Error: Nest can't resolve dependencies of the NotionController (NotionService, ?). Please make sure that the argument ConfigService at index [1] is available in the RootTestModule context.\n\nPotential solutions:\n- Is RootTestModule a valid NestJS module?\n- If ConfigService is a provider, is it part of the current RootTestModule?\n- If ConfigService is exported from a separate @Module, is that module imported within RootTestModule?\n  @Module({\n    imports: [ /* the Module containing ConfigService */ ]\n  })\n\n    at TestingInjector.lookupComponentInParentModules (H:\\aithreadstash-project\\backend\\node_modules\\@nestjs\\core\\injector\\injector.js:286:19)\n    at TestingInjector.resolveComponentWrapper (H:\\aithreadstash-project\\backend\\node_modules\\@nestjs\\testing\\testing-injector.js:19:45)\n    at resolveParam (H:\\aithreadstash-project\\backend\\node_modules\\@nestjs\\core\\injector\\injector.js:141:38)\n    at async Promise.all (index 1)\n    at TestingInjector.resolveConstructorParams (H:\\aithreadstash-project\\backend\\node_modules\\@nestjs\\core\\injector\\injector.js:169:27)\n    at TestingInjector.loadInstance (H:\\aithreadstash-project\\backend\\node_modules\\@nestjs\\core\\injector\\injector.js:75:13)\n    at TestingInjector.loadController (H:\\aithreadstash-project\\backend\\node_modules\\@nestjs\\core\\injector\\injector.js:94:9)\n    at H:\\aithreadstash-project\\backend\\node_modules\\@nestjs\\core\\injector\\instance-loader.js:68:13\n    at async Promise.all (index 0)\n    at TestingInstanceLoader.createInstancesOfControllers (H:\\aithreadstash-project\\backend\\node_modules\\@nestjs\\core\\injector\\instance-loader.js:67:9)\n    at H:\\aithreadstash-project\\backend\\node_modules\\@nestjs\\core\\injector\\instance-loader.js:42:13\n    at async Promise.all (index 1)\n    at TestingInstanceLoader.createInstances (H:\\aithreadstash-project\\backend\\node_modules\\@nestjs\\core\\injector\\instance-loader.js:39:9)\n    at TestingInstanceLoader.createInstancesOfDependencies (H:\\aithreadstash-project\\backend\\node_modules\\@nestjs\\core\\injector\\instance-loader.js:22:13)\n    at TestingInstanceLoader.createInstancesOfDependencies (H:\\aithreadstash-project\\backend\\node_modules\\@nestjs\\testing\\testing-instance-loader.js:9:9)\n    at TestingModuleBuilder.createInstancesOfDependencies (H:\\aithreadstash-project\\backend\\node_modules\\@nestjs\\testing\\testing-module.builder.js:118:9)\n    at TestingModuleBuilder.compile (H:\\aithreadstash-project\\backend\\node_modules\\@nestjs\\testing\\testing-module.builder.js:74:9)\n    at Object.<anonymous> (H:\\aithreadstash-project\\backend\\src\\notion\\notion.controller.spec.ts:24:35)"],"fullName":"NotionController getDatabases 应该成功获取数据库列表","invocations":1,"location":null,"numPassingAsserts":0,"retryReasons":[],"startAt":1756919404208,"status":"failed","title":"应该成功获取数据库列表"},{"ancestorTitles":["NotionController","saveToNotion"],"duration":2,"failing":false,"failureDetails":[{"type":"NotionController","context":{"index":1,"dependencies":[null,null]},"metadata":{"id":"157083d911dc766cca40d"},"moduleRef":{"id":"9d23b060061157083d911"}}],"failureMessages":["Error: Nest can't resolve dependencies of the NotionController (NotionService, ?). Please make sure that the argument ConfigService at index [1] is available in the RootTestModule context.\n\nPotential solutions:\n- Is RootTestModule a valid NestJS module?\n- If ConfigService is a provider, is it part of the current RootTestModule?\n- If ConfigService is exported from a separate @Module, is that module imported within RootTestModule?\n  @Module({\n    imports: [ /* the Module containing ConfigService */ ]\n  })\n\n    at TestingInjector.lookupComponentInParentModules (H:\\aithreadstash-project\\backend\\node_modules\\@nestjs\\core\\injector\\injector.js:286:19)\n    at TestingInjector.resolveComponentWrapper (H:\\aithreadstash-project\\backend\\node_modules\\@nestjs\\testing\\testing-injector.js:19:45)\n    at resolveParam (H:\\aithreadstash-project\\backend\\node_modules\\@nestjs\\core\\injector\\injector.js:141:38)\n    at async Promise.all (index 1)\n    at TestingInjector.resolveConstructorParams (H:\\aithreadstash-project\\backend\\node_modules\\@nestjs\\core\\injector\\injector.js:169:27)\n    at TestingInjector.loadInstance (H:\\aithreadstash-project\\backend\\node_modules\\@nestjs\\core\\injector\\injector.js:75:13)\n    at TestingInjector.loadController (H:\\aithreadstash-project\\backend\\node_modules\\@nestjs\\core\\injector\\injector.js:94:9)\n    at H:\\aithreadstash-project\\backend\\node_modules\\@nestjs\\core\\injector\\instance-loader.js:68:13\n    at async Promise.all (index 0)\n    at TestingInstanceLoader.createInstancesOfControllers (H:\\aithreadstash-project\\backend\\node_modules\\@nestjs\\core\\injector\\instance-loader.js:67:9)\n    at H:\\aithreadstash-project\\backend\\node_modules\\@nestjs\\core\\injector\\instance-loader.js:42:13\n    at async Promise.all (index 1)\n    at TestingInstanceLoader.createInstances (H:\\aithreadstash-project\\backend\\node_modules\\@nestjs\\core\\injector\\instance-loader.js:39:9)\n    at TestingInstanceLoader.createInstancesOfDependencies (H:\\aithreadstash-project\\backend\\node_modules\\@nestjs\\core\\injector\\instance-loader.js:22:13)\n    at TestingInstanceLoader.createInstancesOfDependencies (H:\\aithreadstash-project\\backend\\node_modules\\@nestjs\\testing\\testing-instance-loader.js:9:9)\n    at TestingModuleBuilder.createInstancesOfDependencies (H:\\aithreadstash-project\\backend\\node_modules\\@nestjs\\testing\\testing-module.builder.js:118:9)\n    at TestingModuleBuilder.compile (H:\\aithreadstash-project\\backend\\node_modules\\@nestjs\\testing\\testing-module.builder.js:74:9)\n    at Object.<anonymous> (H:\\aithreadstash-project\\backend\\src\\notion\\notion.controller.spec.ts:24:35)"],"fullName":"NotionController saveToNotion 应该成功保存到Notion","invocations":1,"location":null,"numPassingAsserts":0,"retryReasons":[],"startAt":1756919404211,"status":"failed","title":"应该成功保存到Notion"},{"ancestorTitles":["NotionController","saveToNotion"],"duration":2,"failing":false,"failureDetails":[{"type":"NotionController","context":{"index":1,"dependencies":[null,null]},"metadata":{"id":"f400f7e0aca106b60a846"},"moduleRef":{"id":"66cca40dd60f400f7e0ac"}}],"failureMessages":["Error: Nest can't resolve dependencies of the NotionController (NotionService, ?). Please make sure that the argument ConfigService at index [1] is available in the RootTestModule context.\n\nPotential solutions:\n- Is RootTestModule a valid NestJS module?\n- If ConfigService is a provider, is it part of the current RootTestModule?\n- If ConfigService is exported from a separate @Module, is that module imported within RootTestModule?\n  @Module({\n    imports: [ /* the Module containing ConfigService */ ]\n  })\n\n    at TestingInjector.lookupComponentInParentModules (H:\\aithreadstash-project\\backend\\node_modules\\@nestjs\\core\\injector\\injector.js:286:19)\n    at TestingInjector.resolveComponentWrapper (H:\\aithreadstash-project\\backend\\node_modules\\@nestjs\\testing\\testing-injector.js:19:45)\n    at resolveParam (H:\\aithreadstash-project\\backend\\node_modules\\@nestjs\\core\\injector\\injector.js:141:38)\n    at async Promise.all (index 1)\n    at TestingInjector.resolveConstructorParams (H:\\aithreadstash-project\\backend\\node_modules\\@nestjs\\core\\injector\\injector.js:169:27)\n    at TestingInjector.loadInstance (H:\\aithreadstash-project\\backend\\node_modules\\@nestjs\\core\\injector\\injector.js:75:13)\n    at TestingInjector.loadController (H:\\aithreadstash-project\\backend\\node_modules\\@nestjs\\core\\injector\\injector.js:94:9)\n    at H:\\aithreadstash-project\\backend\\node_modules\\@nestjs\\core\\injector\\instance-loader.js:68:13\n    at async Promise.all (index 0)\n    at TestingInstanceLoader.createInstancesOfControllers (H:\\aithreadstash-project\\backend\\node_modules\\@nestjs\\core\\injector\\instance-loader.js:67:9)\n    at H:\\aithreadstash-project\\backend\\node_modules\\@nestjs\\core\\injector\\instance-loader.js:42:13\n    at async Promise.all (index 1)\n    at TestingInstanceLoader.createInstances (H:\\aithreadstash-project\\backend\\node_modules\\@nestjs\\core\\injector\\instance-loader.js:39:9)\n    at TestingInstanceLoader.createInstancesOfDependencies (H:\\aithreadstash-project\\backend\\node_modules\\@nestjs\\core\\injector\\instance-loader.js:22:13)\n    at TestingInstanceLoader.createInstancesOfDependencies (H:\\aithreadstash-project\\backend\\node_modules\\@nestjs\\testing\\testing-instance-loader.js:9:9)\n    at TestingModuleBuilder.createInstancesOfDependencies (H:\\aithreadstash-project\\backend\\node_modules\\@nestjs\\testing\\testing-module.builder.js:118:9)\n    at TestingModuleBuilder.compile (H:\\aithreadstash-project\\backend\\node_modules\\@nestjs\\testing\\testing-module.builder.js:74:9)\n    at Object.<anonymous> (H:\\aithreadstash-project\\backend\\src\\notion\\notion.controller.spec.ts:24:35)"],"fullName":"NotionController saveToNotion 没有可选参数时应该正常工作","invocations":1,"location":null,"numPassingAsserts":0,"retryReasons":[],"startAt":1756919404214,"status":"failed","title":"没有可选参数时应该正常工作"},{"ancestorTitles":["NotionController","disconnectNotion"],"duration":2,"failing":false,"failureDetails":[{"type":"NotionController","context":{"index":1,"dependencies":[null,null]},"metadata":{"id":"04b299b9cfe28365409a6"},"moduleRef":{"id":"6b60a846b6f04b299b9cf"}}],"failureMessages":["Error: Nest can't resolve dependencies of the NotionController (NotionService, ?). Please make sure that the argument ConfigService at index [1] is available in the RootTestModule context.\n\nPotential solutions:\n- Is RootTestModule a valid NestJS module?\n- If ConfigService is a provider, is it part of the current RootTestModule?\n- If ConfigService is exported from a separate @Module, is that module imported within RootTestModule?\n  @Module({\n    imports: [ /* the Module containing ConfigService */ ]\n  })\n\n    at TestingInjector.lookupComponentInParentModules (H:\\aithreadstash-project\\backend\\node_modules\\@nestjs\\core\\injector\\injector.js:286:19)\n    at TestingInjector.resolveComponentWrapper (H:\\aithreadstash-project\\backend\\node_modules\\@nestjs\\testing\\testing-injector.js:19:45)\n    at resolveParam (H:\\aithreadstash-project\\backend\\node_modules\\@nestjs\\core\\injector\\injector.js:141:38)\n    at async Promise.all (index 1)\n    at TestingInjector.resolveConstructorParams (H:\\aithreadstash-project\\backend\\node_modules\\@nestjs\\core\\injector\\injector.js:169:27)\n    at TestingInjector.loadInstance (H:\\aithreadstash-project\\backend\\node_modules\\@nestjs\\core\\injector\\injector.js:75:13)\n    at TestingInjector.loadController (H:\\aithreadstash-project\\backend\\node_modules\\@nestjs\\core\\injector\\injector.js:94:9)\n    at H:\\aithreadstash-project\\backend\\node_modules\\@nestjs\\core\\injector\\instance-loader.js:68:13\n    at async Promise.all (index 0)\n    at TestingInstanceLoader.createInstancesOfControllers (H:\\aithreadstash-project\\backend\\node_modules\\@nestjs\\core\\injector\\instance-loader.js:67:9)\n    at H:\\aithreadstash-project\\backend\\node_modules\\@nestjs\\core\\injector\\instance-loader.js:42:13\n    at async Promise.all (index 1)\n    at TestingInstanceLoader.createInstances (H:\\aithreadstash-project\\backend\\node_modules\\@nestjs\\core\\injector\\instance-loader.js:39:9)\n    at TestingInstanceLoader.createInstancesOfDependencies (H:\\aithreadstash-project\\backend\\node_modules\\@nestjs\\core\\injector\\instance-loader.js:22:13)\n    at TestingInstanceLoader.createInstancesOfDependencies (H:\\aithreadstash-project\\backend\\node_modules\\@nestjs\\testing\\testing-instance-loader.js:9:9)\n    at TestingModuleBuilder.createInstancesOfDependencies (H:\\aithreadstash-project\\backend\\node_modules\\@nestjs\\testing\\testing-module.builder.js:118:9)\n    at TestingModuleBuilder.compile (H:\\aithreadstash-project\\backend\\node_modules\\@nestjs\\testing\\testing-module.builder.js:74:9)\n    at Object.<anonymous> (H:\\aithreadstash-project\\backend\\src\\notion\\notion.controller.spec.ts:24:35)"],"fullName":"NotionController disconnectNotion 应该成功断开Notion连接","invocations":1,"location":null,"numPassingAsserts":0,"retryReasons":[],"startAt":1756919404217,"status":"failed","title":"应该成功断开Notion连接"},{"ancestorTitles":["NotionController","getStatus"],"duration":1,"failing":false,"failureDetails":[{"type":"NotionController","context":{"index":1,"dependencies":[null,null]},"metadata":{"id":"f2539d6b8f203088734e4"},"moduleRef":{"id":"365409a6e5cf2539d6b8f"}}],"failureMessages":["Error: Nest can't resolve dependencies of the NotionController (NotionService, ?). Please make sure that the argument ConfigService at index [1] is available in the RootTestModule context.\n\nPotential solutions:\n- Is RootTestModule a valid NestJS module?\n- If ConfigService is a provider, is it part of the current RootTestModule?\n- If ConfigService is exported from a separate @Module, is that module imported within RootTestModule?\n  @Module({\n    imports: [ /* the Module containing ConfigService */ ]\n  })\n\n    at TestingInjector.lookupComponentInParentModules (H:\\aithreadstash-project\\backend\\node_modules\\@nestjs\\core\\injector\\injector.js:286:19)\n    at TestingInjector.resolveComponentWrapper (H:\\aithreadstash-project\\backend\\node_modules\\@nestjs\\testing\\testing-injector.js:19:45)\n    at resolveParam (H:\\aithreadstash-project\\backend\\node_modules\\@nestjs\\core\\injector\\injector.js:141:38)\n    at async Promise.all (index 1)\n    at TestingInjector.resolveConstructorParams (H:\\aithreadstash-project\\backend\\node_modules\\@nestjs\\core\\injector\\injector.js:169:27)\n    at TestingInjector.loadInstance (H:\\aithreadstash-project\\backend\\node_modules\\@nestjs\\core\\injector\\injector.js:75:13)\n    at TestingInjector.loadController (H:\\aithreadstash-project\\backend\\node_modules\\@nestjs\\core\\injector\\injector.js:94:9)\n    at H:\\aithreadstash-project\\backend\\node_modules\\@nestjs\\core\\injector\\instance-loader.js:68:13\n    at async Promise.all (index 0)\n    at TestingInstanceLoader.createInstancesOfControllers (H:\\aithreadstash-project\\backend\\node_modules\\@nestjs\\core\\injector\\instance-loader.js:67:9)\n    at H:\\aithreadstash-project\\backend\\node_modules\\@nestjs\\core\\injector\\instance-loader.js:42:13\n    at async Promise.all (index 1)\n    at TestingInstanceLoader.createInstances (H:\\aithreadstash-project\\backend\\node_modules\\@nestjs\\core\\injector\\instance-loader.js:39:9)\n    at TestingInstanceLoader.createInstancesOfDependencies (H:\\aithreadstash-project\\backend\\node_modules\\@nestjs\\core\\injector\\instance-loader.js:22:13)\n    at TestingInstanceLoader.createInstancesOfDependencies (H:\\aithreadstash-project\\backend\\node_modules\\@nestjs\\testing\\testing-instance-loader.js:9:9)\n    at TestingModuleBuilder.createInstancesOfDependencies (H:\\aithreadstash-project\\backend\\node_modules\\@nestjs\\testing\\testing-module.builder.js:118:9)\n    at TestingModuleBuilder.compile (H:\\aithreadstash-project\\backend\\node_modules\\@nestjs\\testing\\testing-module.builder.js:74:9)\n    at Object.<anonymous> (H:\\aithreadstash-project\\backend\\src\\notion\\notion.controller.spec.ts:24:35)"],"fullName":"NotionController getStatus 应该成功获取Notion状态","invocations":1,"location":null,"numPassingAsserts":0,"retryReasons":[],"startAt":1756919404221,"status":"failed","title":"应该成功获取Notion状态"},{"ancestorTitles":["NotionController","oauthCallback"],"duration":2,"failing":false,"failureDetails":[{"type":"NotionController","context":{"index":1,"dependencies":[null,null]},"metadata":{"id":"1921d1b4157c9d85d5a2a"},"moduleRef":{"id":"088734e4b111921d1b415"}}],"failureMessages":["Error: Nest can't resolve dependencies of the NotionController (NotionService, ?). Please make sure that the argument ConfigService at index [1] is available in the RootTestModule context.\n\nPotential solutions:\n- Is RootTestModule a valid NestJS module?\n- If ConfigService is a provider, is it part of the current RootTestModule?\n- If ConfigService is exported from a separate @Module, is that module imported within RootTestModule?\n  @Module({\n    imports: [ /* the Module containing ConfigService */ ]\n  })\n\n    at TestingInjector.lookupComponentInParentModules (H:\\aithreadstash-project\\backend\\node_modules\\@nestjs\\core\\injector\\injector.js:286:19)\n    at TestingInjector.resolveComponentWrapper (H:\\aithreadstash-project\\backend\\node_modules\\@nestjs\\testing\\testing-injector.js:19:45)\n    at resolveParam (H:\\aithreadstash-project\\backend\\node_modules\\@nestjs\\core\\injector\\injector.js:141:38)\n    at async Promise.all (index 1)\n    at TestingInjector.resolveConstructorParams (H:\\aithreadstash-project\\backend\\node_modules\\@nestjs\\core\\injector\\injector.js:169:27)\n    at TestingInjector.loadInstance (H:\\aithreadstash-project\\backend\\node_modules\\@nestjs\\core\\injector\\injector.js:75:13)\n    at TestingInjector.loadController (H:\\aithreadstash-project\\backend\\node_modules\\@nestjs\\core\\injector\\injector.js:94:9)\n    at H:\\aithreadstash-project\\backend\\node_modules\\@nestjs\\core\\injector\\instance-loader.js:68:13\n    at async Promise.all (index 0)\n    at TestingInstanceLoader.createInstancesOfControllers (H:\\aithreadstash-project\\backend\\node_modules\\@nestjs\\core\\injector\\instance-loader.js:67:9)\n    at H:\\aithreadstash-project\\backend\\node_modules\\@nestjs\\core\\injector\\instance-loader.js:42:13\n    at async Promise.all (index 1)\n    at TestingInstanceLoader.createInstances (H:\\aithreadstash-project\\backend\\node_modules\\@nestjs\\core\\injector\\instance-loader.js:39:9)\n    at TestingInstanceLoader.createInstancesOfDependencies (H:\\aithreadstash-project\\backend\\node_modules\\@nestjs\\core\\injector\\instance-loader.js:22:13)\n    at TestingInstanceLoader.createInstancesOfDependencies (H:\\aithreadstash-project\\backend\\node_modules\\@nestjs\\testing\\testing-instance-loader.js:9:9)\n    at TestingModuleBuilder.createInstancesOfDependencies (H:\\aithreadstash-project\\backend\\node_modules\\@nestjs\\testing\\testing-module.builder.js:118:9)\n    at TestingModuleBuilder.compile (H:\\aithreadstash-project\\backend\\node_modules\\@nestjs\\testing\\testing-module.builder.js:74:9)\n    at Object.<anonymous> (H:\\aithreadstash-project\\backend\\src\\notion\\notion.controller.spec.ts:24:35)"],"fullName":"NotionController oauthCallback 应该成功处理OAuth回调","invocations":1,"location":null,"numPassingAsserts":0,"retryReasons":[],"startAt":1756919404223,"status":"failed","title":"应该成功处理OAuth回调"},{"ancestorTitles":["NotionController","oauthCallback"],"duration":2,"failing":false,"failureDetails":[{"type":"NotionController","context":{"index":1,"dependencies":[null,null]},"metadata":{"id":"e1e3b4f90a370e952fc9f"},"moduleRef":{"id":"d85d5a2a663e1e3b4f90a"}}],"failureMessages":["Error: Nest can't resolve dependencies of the NotionController (NotionService, ?). Please make sure that the argument ConfigService at index [1] is available in the RootTestModule context.\n\nPotential solutions:\n- Is RootTestModule a valid NestJS module?\n- If ConfigService is a provider, is it part of the current RootTestModule?\n- If ConfigService is exported from a separate @Module, is that module imported within RootTestModule?\n  @Module({\n    imports: [ /* the Module containing ConfigService */ ]\n  })\n\n    at TestingInjector.lookupComponentInParentModules (H:\\aithreadstash-project\\backend\\node_modules\\@nestjs\\core\\injector\\injector.js:286:19)\n    at TestingInjector.resolveComponentWrapper (H:\\aithreadstash-project\\backend\\node_modules\\@nestjs\\testing\\testing-injector.js:19:45)\n    at resolveParam (H:\\aithreadstash-project\\backend\\node_modules\\@nestjs\\core\\injector\\injector.js:141:38)\n    at async Promise.all (index 1)\n    at TestingInjector.resolveConstructorParams (H:\\aithreadstash-project\\backend\\node_modules\\@nestjs\\core\\injector\\injector.js:169:27)\n    at TestingInjector.loadInstance (H:\\aithreadstash-project\\backend\\node_modules\\@nestjs\\core\\injector\\injector.js:75:13)\n    at TestingInjector.loadController (H:\\aithreadstash-project\\backend\\node_modules\\@nestjs\\core\\injector\\injector.js:94:9)\n    at H:\\aithreadstash-project\\backend\\node_modules\\@nestjs\\core\\injector\\instance-loader.js:68:13\n    at async Promise.all (index 0)\n    at TestingInstanceLoader.createInstancesOfControllers (H:\\aithreadstash-project\\backend\\node_modules\\@nestjs\\core\\injector\\instance-loader.js:67:9)\n    at H:\\aithreadstash-project\\backend\\node_modules\\@nestjs\\core\\injector\\instance-loader.js:42:13\n    at async Promise.all (index 1)\n    at TestingInstanceLoader.createInstances (H:\\aithreadstash-project\\backend\\node_modules\\@nestjs\\core\\injector\\instance-loader.js:39:9)\n    at TestingInstanceLoader.createInstancesOfDependencies (H:\\aithreadstash-project\\backend\\node_modules\\@nestjs\\core\\injector\\instance-loader.js:22:13)\n    at TestingInstanceLoader.createInstancesOfDependencies (H:\\aithreadstash-project\\backend\\node_modules\\@nestjs\\testing\\testing-instance-loader.js:9:9)\n    at TestingModuleBuilder.createInstancesOfDependencies (H:\\aithreadstash-project\\backend\\node_modules\\@nestjs\\testing\\testing-module.builder.js:118:9)\n    at TestingModuleBuilder.compile (H:\\aithreadstash-project\\backend\\node_modules\\@nestjs\\testing\\testing-module.builder.js:74:9)\n    at Object.<anonymous> (H:\\aithreadstash-project\\backend\\src\\notion\\notion.controller.spec.ts:24:35)"],"fullName":"NotionController oauthCallback 应该处理无效的state参数","invocations":1,"location":null,"numPassingAsserts":0,"retryReasons":[],"startAt":1756919404226,"status":"failed","title":"应该处理无效的state参数"},{"ancestorTitles":["NotionController","oauthCallback"],"duration":1,"failing":false,"failureDetails":[{"type":"NotionController","context":{"index":1,"dependencies":[null,null]},"metadata":{"id":"0079c15b7fd62ae6cc2c5"},"moduleRef":{"id":"e952fc9f35d0079c15b7f"}}],"failureMessages":["Error: Nest can't resolve dependencies of the NotionController (NotionService, ?). Please make sure that the argument ConfigService at index [1] is available in the RootTestModule context.\n\nPotential solutions:\n- Is RootTestModule a valid NestJS module?\n- If ConfigService is a provider, is it part of the current RootTestModule?\n- If ConfigService is exported from a separate @Module, is that module imported within RootTestModule?\n  @Module({\n    imports: [ /* the Module containing ConfigService */ ]\n  })\n\n    at TestingInjector.lookupComponentInParentModules (H:\\aithreadstash-project\\backend\\node_modules\\@nestjs\\core\\injector\\injector.js:286:19)\n    at TestingInjector.resolveComponentWrapper (H:\\aithreadstash-project\\backend\\node_modules\\@nestjs\\testing\\testing-injector.js:19:45)\n    at resolveParam (H:\\aithreadstash-project\\backend\\node_modules\\@nestjs\\core\\injector\\injector.js:141:38)\n    at async Promise.all (index 1)\n    at TestingInjector.resolveConstructorParams (H:\\aithreadstash-project\\backend\\node_modules\\@nestjs\\core\\injector\\injector.js:169:27)\n    at TestingInjector.loadInstance (H:\\aithreadstash-project\\backend\\node_modules\\@nestjs\\core\\injector\\injector.js:75:13)\n    at TestingInjector.loadController (H:\\aithreadstash-project\\backend\\node_modules\\@nestjs\\core\\injector\\injector.js:94:9)\n    at H:\\aithreadstash-project\\backend\\node_modules\\@nestjs\\core\\injector\\instance-loader.js:68:13\n    at async Promise.all (index 0)\n    at TestingInstanceLoader.createInstancesOfControllers (H:\\aithreadstash-project\\backend\\node_modules\\@nestjs\\core\\injector\\instance-loader.js:67:9)\n    at H:\\aithreadstash-project\\backend\\node_modules\\@nestjs\\core\\injector\\instance-loader.js:42:13\n    at async Promise.all (index 1)\n    at TestingInstanceLoader.createInstances (H:\\aithreadstash-project\\backend\\node_modules\\@nestjs\\core\\injector\\instance-loader.js:39:9)\n    at TestingInstanceLoader.createInstancesOfDependencies (H:\\aithreadstash-project\\backend\\node_modules\\@nestjs\\core\\injector\\instance-loader.js:22:13)\n    at TestingInstanceLoader.createInstancesOfDependencies (H:\\aithreadstash-project\\backend\\node_modules\\@nestjs\\testing\\testing-instance-loader.js:9:9)\n    at TestingModuleBuilder.createInstancesOfDependencies (H:\\aithreadstash-project\\backend\\node_modules\\@nestjs\\testing\\testing-module.builder.js:118:9)\n    at TestingModuleBuilder.compile (H:\\aithreadstash-project\\backend\\node_modules\\@nestjs\\testing\\testing-module.builder.js:74:9)\n    at Object.<anonymous> (H:\\aithreadstash-project\\backend\\src\\notion\\notion.controller.spec.ts:24:35)"],"fullName":"NotionController oauthCallback 应该处理token交换失败","invocations":1,"location":null,"numPassingAsserts":0,"retryReasons":[],"startAt":1756919404229,"status":"failed","title":"应该处理token交换失败"}],"endTime":1756919404269,"message":"\u001b[1m\u001b[31m  \u001b[1m● \u001b[22m\u001b[1mNotionController › 应该被定义\u001b[39m\u001b[22m\n\n    Nest can't resolve dependencies of the NotionController (NotionService, ?). Please make sure that the argument ConfigService at index [1] is available in the RootTestModule context.\n\n    Potential solutions:\n    - Is RootTestModule a valid NestJS module?\n    - If ConfigService is a provider, is it part of the current RootTestModule?\n    - If ConfigService is exported from a separate @Module, is that module imported within RootTestModule?\n      @Module({\n        imports: [ /* the Module containing ConfigService */ ]\n      })\n\u001b[2m\u001b[22m\n\u001b[2m    \u001b[0m \u001b[90m 22 |\u001b[39m\u001b[22m\n\u001b[2m     \u001b[90m 23 |\u001b[39m   beforeEach(\u001b[36masync\u001b[39m () \u001b[33m=>\u001b[39m {\u001b[22m\n\u001b[2m    \u001b[31m\u001b[1m>\u001b[22m\u001b[2m\u001b[39m\u001b[90m 24 |\u001b[39m     \u001b[36mconst\u001b[39m module\u001b[33m:\u001b[39m \u001b[33mTestingModule\u001b[39m \u001b[33m=\u001b[39m \u001b[36mawait\u001b[39m \u001b[33mTest\u001b[39m\u001b[33m.\u001b[39mcreateTestingModule({\u001b[22m\n\u001b[2m     \u001b[90m    |\u001b[39m                                   \u001b[31m\u001b[1m^\u001b[22m\u001b[2m\u001b[39m\u001b[22m\n\u001b[2m     \u001b[90m 25 |\u001b[39m       controllers\u001b[33m:\u001b[39m [\u001b[33mNotionController\u001b[39m]\u001b[33m,\u001b[39m\u001b[22m\n\u001b[2m     \u001b[90m 26 |\u001b[39m       providers\u001b[33m:\u001b[39m [\u001b[22m\n\u001b[2m     \u001b[90m 27 |\u001b[39m         {\u001b[0m\u001b[22m\n\u001b[2m\u001b[22m\n\u001b[2m      \u001b[2mat TestingInjector.lookupComponentInParentModules (\u001b[22m\u001b[2m../node_modules/@nestjs/core/injector/injector.js\u001b[2m:286:19)\u001b[22m\u001b[2m\u001b[22m\n\u001b[2m      \u001b[2mat TestingInjector.resolveComponentWrapper (\u001b[22m\u001b[2m../node_modules/@nestjs/testing/testing-injector.js\u001b[2m:19:45)\u001b[22m\u001b[2m\u001b[22m\n\u001b[2m      \u001b[2mat resolveParam (\u001b[22m\u001b[2m../node_modules/@nestjs/core/injector/injector.js\u001b[2m:141:38)\u001b[22m\u001b[2m\u001b[22m\n\u001b[2m          at async Promise.all (index 1)\u001b[22m\n\u001b[2m      \u001b[2mat TestingInjector.resolveConstructorParams (\u001b[22m\u001b[2m../node_modules/@nestjs/core/injector/injector.js\u001b[2m:169:27)\u001b[22m\u001b[2m\u001b[22m\n\u001b[2m      \u001b[2mat TestingInjector.loadInstance (\u001b[22m\u001b[2m../node_modules/@nestjs/core/injector/injector.js\u001b[2m:75:13)\u001b[22m\u001b[2m\u001b[22m\n\u001b[2m      \u001b[2mat TestingInjector.loadController (\u001b[22m\u001b[2m../node_modules/@nestjs/core/injector/injector.js\u001b[2m:94:9)\u001b[22m\u001b[2m\u001b[22m\n\u001b[2m      \u001b[2mat \u001b[22m\u001b[2m../node_modules/@nestjs/core/injector/instance-loader.js\u001b[2m:68:13\u001b[22m\u001b[2m\u001b[22m\n\u001b[2m          at async Promise.all (index 0)\u001b[22m\n\u001b[2m      \u001b[2mat TestingInstanceLoader.createInstancesOfControllers (\u001b[22m\u001b[2m../node_modules/@nestjs/core/injector/instance-loader.js\u001b[2m:67:9)\u001b[22m\u001b[2m\u001b[22m\n\u001b[2m      \u001b[2mat \u001b[22m\u001b[2m../node_modules/@nestjs/core/injector/instance-loader.js\u001b[2m:42:13\u001b[22m\u001b[2m\u001b[22m\n\u001b[2m          at async Promise.all (index 1)\u001b[22m\n\u001b[2m      \u001b[2mat TestingInstanceLoader.createInstances (\u001b[22m\u001b[2m../node_modules/@nestjs/core/injector/instance-loader.js\u001b[2m:39:9)\u001b[22m\u001b[2m\u001b[22m\n\u001b[2m      \u001b[2mat TestingInstanceLoader.createInstancesOfDependencies (\u001b[22m\u001b[2m../node_modules/@nestjs/core/injector/instance-loader.js\u001b[2m:22:13)\u001b[22m\u001b[2m\u001b[22m\n\u001b[2m      \u001b[2mat TestingInstanceLoader.createInstancesOfDependencies (\u001b[22m\u001b[2m../node_modules/@nestjs/testing/testing-instance-loader.js\u001b[2m:9:9)\u001b[22m\u001b[2m\u001b[22m\n\u001b[2m      \u001b[2mat TestingModuleBuilder.createInstancesOfDependencies (\u001b[22m\u001b[2m../node_modules/@nestjs/testing/testing-module.builder.js\u001b[2m:118:9)\u001b[22m\u001b[2m\u001b[22m\n\u001b[2m      \u001b[2mat TestingModuleBuilder.compile (\u001b[22m\u001b[2m../node_modules/@nestjs/testing/testing-module.builder.js\u001b[2m:74:9)\u001b[22m\u001b[2m\u001b[22m\n\u001b[2m      \u001b[2mat Object.<anonymous> (\u001b[22m\u001b[2m\u001b[0m\u001b[36mnotion/notion.controller.spec.ts\u001b[39m\u001b[0m\u001b[2m:24:35)\u001b[22m\u001b[2m\u001b[22m\n\n\u001b[1m\u001b[31m  \u001b[1m● \u001b[22m\u001b[1mNotionController › connectNotion › 应该成功连接Notion\u001b[39m\u001b[22m\n\n    Nest can't resolve dependencies of the NotionController (NotionService, ?). Please make sure that the argument ConfigService at index [1] is available in the RootTestModule context.\n\n    Potential solutions:\n    - Is RootTestModule a valid NestJS module?\n    - If ConfigService is a provider, is it part of the current RootTestModule?\n    - If ConfigService is exported from a separate @Module, is that module imported within RootTestModule?\n      @Module({\n        imports: [ /* the Module containing ConfigService */ ]\n      })\n\u001b[2m\u001b[22m\n\u001b[2m    \u001b[0m \u001b[90m 22 |\u001b[39m\u001b[22m\n\u001b[2m     \u001b[90m 23 |\u001b[39m   beforeEach(\u001b[36masync\u001b[39m () \u001b[33m=>\u001b[39m {\u001b[22m\n\u001b[2m    \u001b[31m\u001b[1m>\u001b[22m\u001b[2m\u001b[39m\u001b[90m 24 |\u001b[39m     \u001b[36mconst\u001b[39m module\u001b[33m:\u001b[39m \u001b[33mTestingModule\u001b[39m \u001b[33m=\u001b[39m \u001b[36mawait\u001b[39m \u001b[33mTest\u001b[39m\u001b[33m.\u001b[39mcreateTestingModule({\u001b[22m\n\u001b[2m     \u001b[90m    |\u001b[39m                                   \u001b[31m\u001b[1m^\u001b[22m\u001b[2m\u001b[39m\u001b[22m\n\u001b[2m     \u001b[90m 25 |\u001b[39m       controllers\u001b[33m:\u001b[39m [\u001b[33mNotionController\u001b[39m]\u001b[33m,\u001b[39m\u001b[22m\n\u001b[2m     \u001b[90m 26 |\u001b[39m       providers\u001b[33m:\u001b[39m [\u001b[22m\n\u001b[2m     \u001b[90m 27 |\u001b[39m         {\u001b[0m\u001b[22m\n\u001b[2m\u001b[22m\n\u001b[2m      \u001b[2mat TestingInjector.lookupComponentInParentModules (\u001b[22m\u001b[2m../node_modules/@nestjs/core/injector/injector.js\u001b[2m:286:19)\u001b[22m\u001b[2m\u001b[22m\n\u001b[2m      \u001b[2mat TestingInjector.resolveComponentWrapper (\u001b[22m\u001b[2m../node_modules/@nestjs/testing/testing-injector.js\u001b[2m:19:45)\u001b[22m\u001b[2m\u001b[22m\n\u001b[2m      \u001b[2mat resolveParam (\u001b[22m\u001b[2m../node_modules/@nestjs/core/injector/injector.js\u001b[2m:141:38)\u001b[22m\u001b[2m\u001b[22m\n\u001b[2m          at async Promise.all (index 1)\u001b[22m\n\u001b[2m      \u001b[2mat TestingInjector.resolveConstructorParams (\u001b[22m\u001b[2m../node_modules/@nestjs/core/injector/injector.js\u001b[2m:169:27)\u001b[22m\u001b[2m\u001b[22m\n\u001b[2m      \u001b[2mat TestingInjector.loadInstance (\u001b[22m\u001b[2m../node_modules/@nestjs/core/injector/injector.js\u001b[2m:75:13)\u001b[22m\u001b[2m\u001b[22m\n\u001b[2m      \u001b[2mat TestingInjector.loadController (\u001b[22m\u001b[2m../node_modules/@nestjs/core/injector/injector.js\u001b[2m:94:9)\u001b[22m\u001b[2m\u001b[22m\n\u001b[2m      \u001b[2mat \u001b[22m\u001b[2m../node_modules/@nestjs/core/injector/instance-loader.js\u001b[2m:68:13\u001b[22m\u001b[2m\u001b[22m\n\u001b[2m          at async Promise.all (index 0)\u001b[22m\n\u001b[2m      \u001b[2mat TestingInstanceLoader.createInstancesOfControllers (\u001b[22m\u001b[2m../node_modules/@nestjs/core/injector/instance-loader.js\u001b[2m:67:9)\u001b[22m\u001b[2m\u001b[22m\n\u001b[2m      \u001b[2mat \u001b[22m\u001b[2m../node_modules/@nestjs/core/injector/instance-loader.js\u001b[2m:42:13\u001b[22m\u001b[2m\u001b[22m\n\u001b[2m          at async Promise.all (index 1)\u001b[22m\n\u001b[2m      \u001b[2mat TestingInstanceLoader.createInstances (\u001b[22m\u001b[2m../node_modules/@nestjs/core/injector/instance-loader.js\u001b[2m:39:9)\u001b[22m\u001b[2m\u001b[22m\n\u001b[2m      \u001b[2mat TestingInstanceLoader.createInstancesOfDependencies (\u001b[22m\u001b[2m../node_modules/@nestjs/core/injector/instance-loader.js\u001b[2m:22:13)\u001b[22m\u001b[2m\u001b[22m\n\u001b[2m      \u001b[2mat TestingInstanceLoader.createInstancesOfDependencies (\u001b[22m\u001b[2m../node_modules/@nestjs/testing/testing-instance-loader.js\u001b[2m:9:9)\u001b[22m\u001b[2m\u001b[22m\n\u001b[2m      \u001b[2mat TestingModuleBuilder.createInstancesOfDependencies (\u001b[22m\u001b[2m../node_modules/@nestjs/testing/testing-module.builder.js\u001b[2m:118:9)\u001b[22m\u001b[2m\u001b[22m\n\u001b[2m      \u001b[2mat TestingModuleBuilder.compile (\u001b[22m\u001b[2m../node_modules/@nestjs/testing/testing-module.builder.js\u001b[2m:74:9)\u001b[22m\u001b[2m\u001b[22m\n\u001b[2m      \u001b[2mat Object.<anonymous> (\u001b[22m\u001b[2m\u001b[0m\u001b[36mnotion/notion.controller.spec.ts\u001b[39m\u001b[0m\u001b[2m:24:35)\u001b[22m\u001b[2m\u001b[22m\n\n\u001b[1m\u001b[31m  \u001b[1m● \u001b[22m\u001b[1mNotionController › selectDatabase › 应该成功选择数据库\u001b[39m\u001b[22m\n\n    Nest can't resolve dependencies of the NotionController (NotionService, ?). Please make sure that the argument ConfigService at index [1] is available in the RootTestModule context.\n\n    Potential solutions:\n    - Is RootTestModule a valid NestJS module?\n    - If ConfigService is a provider, is it part of the current RootTestModule?\n    - If ConfigService is exported from a separate @Module, is that module imported within RootTestModule?\n      @Module({\n        imports: [ /* the Module containing ConfigService */ ]\n      })\n\u001b[2m\u001b[22m\n\u001b[2m    \u001b[0m \u001b[90m 22 |\u001b[39m\u001b[22m\n\u001b[2m     \u001b[90m 23 |\u001b[39m   beforeEach(\u001b[36masync\u001b[39m () \u001b[33m=>\u001b[39m {\u001b[22m\n\u001b[2m    \u001b[31m\u001b[1m>\u001b[22m\u001b[2m\u001b[39m\u001b[90m 24 |\u001b[39m     \u001b[36mconst\u001b[39m module\u001b[33m:\u001b[39m \u001b[33mTestingModule\u001b[39m \u001b[33m=\u001b[39m \u001b[36mawait\u001b[39m \u001b[33mTest\u001b[39m\u001b[33m.\u001b[39mcreateTestingModule({\u001b[22m\n\u001b[2m     \u001b[90m    |\u001b[39m                                   \u001b[31m\u001b[1m^\u001b[22m\u001b[2m\u001b[39m\u001b[22m\n\u001b[2m     \u001b[90m 25 |\u001b[39m       controllers\u001b[33m:\u001b[39m [\u001b[33mNotionController\u001b[39m]\u001b[33m,\u001b[39m\u001b[22m\n\u001b[2m     \u001b[90m 26 |\u001b[39m       providers\u001b[33m:\u001b[39m [\u001b[22m\n\u001b[2m     \u001b[90m 27 |\u001b[39m         {\u001b[0m\u001b[22m\n\u001b[2m\u001b[22m\n\u001b[2m      \u001b[2mat TestingInjector.lookupComponentInParentModules (\u001b[22m\u001b[2m../node_modules/@nestjs/core/injector/injector.js\u001b[2m:286:19)\u001b[22m\u001b[2m\u001b[22m\n\u001b[2m      \u001b[2mat TestingInjector.resolveComponentWrapper (\u001b[22m\u001b[2m../node_modules/@nestjs/testing/testing-injector.js\u001b[2m:19:45)\u001b[22m\u001b[2m\u001b[22m\n\u001b[2m      \u001b[2mat resolveParam (\u001b[22m\u001b[2m../node_modules/@nestjs/core/injector/injector.js\u001b[2m:141:38)\u001b[22m\u001b[2m\u001b[22m\n\u001b[2m          at async Promise.all (index 1)\u001b[22m\n\u001b[2m      \u001b[2mat TestingInjector.resolveConstructorParams (\u001b[22m\u001b[2m../node_modules/@nestjs/core/injector/injector.js\u001b[2m:169:27)\u001b[22m\u001b[2m\u001b[22m\n\u001b[2m      \u001b[2mat TestingInjector.loadInstance (\u001b[22m\u001b[2m../node_modules/@nestjs/core/injector/injector.js\u001b[2m:75:13)\u001b[22m\u001b[2m\u001b[22m\n\u001b[2m      \u001b[2mat TestingInjector.loadController (\u001b[22m\u001b[2m../node_modules/@nestjs/core/injector/injector.js\u001b[2m:94:9)\u001b[22m\u001b[2m\u001b[22m\n\u001b[2m      \u001b[2mat \u001b[22m\u001b[2m../node_modules/@nestjs/core/injector/instance-loader.js\u001b[2m:68:13\u001b[22m\u001b[2m\u001b[22m\n\u001b[2m          at async Promise.all (index 0)\u001b[22m\n\u001b[2m      \u001b[2mat TestingInstanceLoader.createInstancesOfControllers (\u001b[22m\u001b[2m../node_modules/@nestjs/core/injector/instance-loader.js\u001b[2m:67:9)\u001b[22m\u001b[2m\u001b[22m\n\u001b[2m      \u001b[2mat \u001b[22m\u001b[2m../node_modules/@nestjs/core/injector/instance-loader.js\u001b[2m:42:13\u001b[22m\u001b[2m\u001b[22m\n\u001b[2m          at async Promise.all (index 1)\u001b[22m\n\u001b[2m      \u001b[2mat TestingInstanceLoader.createInstances (\u001b[22m\u001b[2m../node_modules/@nestjs/core/injector/instance-loader.js\u001b[2m:39:9)\u001b[22m\u001b[2m\u001b[22m\n\u001b[2m      \u001b[2mat TestingInstanceLoader.createInstancesOfDependencies (\u001b[22m\u001b[2m../node_modules/@nestjs/core/injector/instance-loader.js\u001b[2m:22:13)\u001b[22m\u001b[2m\u001b[22m\n\u001b[2m      \u001b[2mat TestingInstanceLoader.createInstancesOfDependencies (\u001b[22m\u001b[2m../node_modules/@nestjs/testing/testing-instance-loader.js\u001b[2m:9:9)\u001b[22m\u001b[2m\u001b[22m\n\u001b[2m      \u001b[2mat TestingModuleBuilder.createInstancesOfDependencies (\u001b[22m\u001b[2m../node_modules/@nestjs/testing/testing-module.builder.js\u001b[2m:118:9)\u001b[22m\u001b[2m\u001b[22m\n\u001b[2m      \u001b[2mat TestingModuleBuilder.compile (\u001b[22m\u001b[2m../node_modules/@nestjs/testing/testing-module.builder.js\u001b[2m:74:9)\u001b[22m\u001b[2m\u001b[22m\n\u001b[2m      \u001b[2mat Object.<anonymous> (\u001b[22m\u001b[2m\u001b[0m\u001b[36mnotion/notion.controller.spec.ts\u001b[39m\u001b[0m\u001b[2m:24:35)\u001b[22m\u001b[2m\u001b[22m\n\n\u001b[1m\u001b[31m  \u001b[1m● \u001b[22m\u001b[1mNotionController › getDatabases › 应该成功获取数据库列表\u001b[39m\u001b[22m\n\n    Nest can't resolve dependencies of the NotionController (NotionService, ?). Please make sure that the argument ConfigService at index [1] is available in the RootTestModule context.\n\n    Potential solutions:\n    - Is RootTestModule a valid NestJS module?\n    - If ConfigService is a provider, is it part of the current RootTestModule?\n    - If ConfigService is exported from a separate @Module, is that module imported within RootTestModule?\n      @Module({\n        imports: [ /* the Module containing ConfigService */ ]\n      })\n\u001b[2m\u001b[22m\n\u001b[2m    \u001b[0m \u001b[90m 22 |\u001b[39m\u001b[22m\n\u001b[2m     \u001b[90m 23 |\u001b[39m   beforeEach(\u001b[36masync\u001b[39m () \u001b[33m=>\u001b[39m {\u001b[22m\n\u001b[2m    \u001b[31m\u001b[1m>\u001b[22m\u001b[2m\u001b[39m\u001b[90m 24 |\u001b[39m     \u001b[36mconst\u001b[39m module\u001b[33m:\u001b[39m \u001b[33mTestingModule\u001b[39m \u001b[33m=\u001b[39m \u001b[36mawait\u001b[39m \u001b[33mTest\u001b[39m\u001b[33m.\u001b[39mcreateTestingModule({\u001b[22m\n\u001b[2m     \u001b[90m    |\u001b[39m                                   \u001b[31m\u001b[1m^\u001b[22m\u001b[2m\u001b[39m\u001b[22m\n\u001b[2m     \u001b[90m 25 |\u001b[39m       controllers\u001b[33m:\u001b[39m [\u001b[33mNotionController\u001b[39m]\u001b[33m,\u001b[39m\u001b[22m\n\u001b[2m     \u001b[90m 26 |\u001b[39m       providers\u001b[33m:\u001b[39m [\u001b[22m\n\u001b[2m     \u001b[90m 27 |\u001b[39m         {\u001b[0m\u001b[22m\n\u001b[2m\u001b[22m\n\u001b[2m      \u001b[2mat TestingInjector.lookupComponentInParentModules (\u001b[22m\u001b[2m../node_modules/@nestjs/core/injector/injector.js\u001b[2m:286:19)\u001b[22m\u001b[2m\u001b[22m\n\u001b[2m      \u001b[2mat TestingInjector.resolveComponentWrapper (\u001b[22m\u001b[2m../node_modules/@nestjs/testing/testing-injector.js\u001b[2m:19:45)\u001b[22m\u001b[2m\u001b[22m\n\u001b[2m      \u001b[2mat resolveParam (\u001b[22m\u001b[2m../node_modules/@nestjs/core/injector/injector.js\u001b[2m:141:38)\u001b[22m\u001b[2m\u001b[22m\n\u001b[2m          at async Promise.all (index 1)\u001b[22m\n\u001b[2m      \u001b[2mat TestingInjector.resolveConstructorParams (\u001b[22m\u001b[2m../node_modules/@nestjs/core/injector/injector.js\u001b[2m:169:27)\u001b[22m\u001b[2m\u001b[22m\n\u001b[2m      \u001b[2mat TestingInjector.loadInstance (\u001b[22m\u001b[2m../node_modules/@nestjs/core/injector/injector.js\u001b[2m:75:13)\u001b[22m\u001b[2m\u001b[22m\n\u001b[2m      \u001b[2mat TestingInjector.loadController (\u001b[22m\u001b[2m../node_modules/@nestjs/core/injector/injector.js\u001b[2m:94:9)\u001b[22m\u001b[2m\u001b[22m\n\u001b[2m      \u001b[2mat \u001b[22m\u001b[2m../node_modules/@nestjs/core/injector/instance-loader.js\u001b[2m:68:13\u001b[22m\u001b[2m\u001b[22m\n\u001b[2m          at async Promise.all (index 0)\u001b[22m\n\u001b[2m      \u001b[2mat TestingInstanceLoader.createInstancesOfControllers (\u001b[22m\u001b[2m../node_modules/@nestjs/core/injector/instance-loader.js\u001b[2m:67:9)\u001b[22m\u001b[2m\u001b[22m\n\u001b[2m      \u001b[2mat \u001b[22m\u001b[2m../node_modules/@nestjs/core/injector/instance-loader.js\u001b[2m:42:13\u001b[22m\u001b[2m\u001b[22m\n\u001b[2m          at async Promise.all (index 1)\u001b[22m\n\u001b[2m      \u001b[2mat TestingInstanceLoader.createInstances (\u001b[22m\u001b[2m../node_modules/@nestjs/core/injector/instance-loader.js\u001b[2m:39:9)\u001b[22m\u001b[2m\u001b[22m\n\u001b[2m      \u001b[2mat TestingInstanceLoader.createInstancesOfDependencies (\u001b[22m\u001b[2m../node_modules/@nestjs/core/injector/instance-loader.js\u001b[2m:22:13)\u001b[22m\u001b[2m\u001b[22m\n\u001b[2m      \u001b[2mat TestingInstanceLoader.createInstancesOfDependencies (\u001b[22m\u001b[2m../node_modules/@nestjs/testing/testing-instance-loader.js\u001b[2m:9:9)\u001b[22m\u001b[2m\u001b[22m\n\u001b[2m      \u001b[2mat TestingModuleBuilder.createInstancesOfDependencies (\u001b[22m\u001b[2m../node_modules/@nestjs/testing/testing-module.builder.js\u001b[2m:118:9)\u001b[22m\u001b[2m\u001b[22m\n\u001b[2m      \u001b[2mat TestingModuleBuilder.compile (\u001b[22m\u001b[2m../node_modules/@nestjs/testing/testing-module.builder.js\u001b[2m:74:9)\u001b[22m\u001b[2m\u001b[22m\n\u001b[2m      \u001b[2mat Object.<anonymous> (\u001b[22m\u001b[2m\u001b[0m\u001b[36mnotion/notion.controller.spec.ts\u001b[39m\u001b[0m\u001b[2m:24:35)\u001b[22m\u001b[2m\u001b[22m\n\n\u001b[1m\u001b[31m  \u001b[1m● \u001b[22m\u001b[1mNotionController › saveToNotion › 应该成功保存到Notion\u001b[39m\u001b[22m\n\n    Nest can't resolve dependencies of the NotionController (NotionService, ?). Please make sure that the argument ConfigService at index [1] is available in the RootTestModule context.\n\n    Potential solutions:\n    - Is RootTestModule a valid NestJS module?\n    - If ConfigService is a provider, is it part of the current RootTestModule?\n    - If ConfigService is exported from a separate @Module, is that module imported within RootTestModule?\n      @Module({\n        imports: [ /* the Module containing ConfigService */ ]\n      })\n\u001b[2m\u001b[22m\n\u001b[2m    \u001b[0m \u001b[90m 22 |\u001b[39m\u001b[22m\n\u001b[2m     \u001b[90m 23 |\u001b[39m   beforeEach(\u001b[36masync\u001b[39m () \u001b[33m=>\u001b[39m {\u001b[22m\n\u001b[2m    \u001b[31m\u001b[1m>\u001b[22m\u001b[2m\u001b[39m\u001b[90m 24 |\u001b[39m     \u001b[36mconst\u001b[39m module\u001b[33m:\u001b[39m \u001b[33mTestingModule\u001b[39m \u001b[33m=\u001b[39m \u001b[36mawait\u001b[39m \u001b[33mTest\u001b[39m\u001b[33m.\u001b[39mcreateTestingModule({\u001b[22m\n\u001b[2m     \u001b[90m    |\u001b[39m                                   \u001b[31m\u001b[1m^\u001b[22m\u001b[2m\u001b[39m\u001b[22m\n\u001b[2m     \u001b[90m 25 |\u001b[39m       controllers\u001b[33m:\u001b[39m [\u001b[33mNotionController\u001b[39m]\u001b[33m,\u001b[39m\u001b[22m\n\u001b[2m     \u001b[90m 26 |\u001b[39m       providers\u001b[33m:\u001b[39m [\u001b[22m\n\u001b[2m     \u001b[90m 27 |\u001b[39m         {\u001b[0m\u001b[22m\n\u001b[2m\u001b[22m\n\u001b[2m      \u001b[2mat TestingInjector.lookupComponentInParentModules (\u001b[22m\u001b[2m../node_modules/@nestjs/core/injector/injector.js\u001b[2m:286:19)\u001b[22m\u001b[2m\u001b[22m\n\u001b[2m      \u001b[2mat TestingInjector.resolveComponentWrapper (\u001b[22m\u001b[2m../node_modules/@nestjs/testing/testing-injector.js\u001b[2m:19:45)\u001b[22m\u001b[2m\u001b[22m\n\u001b[2m      \u001b[2mat resolveParam (\u001b[22m\u001b[2m../node_modules/@nestjs/core/injector/injector.js\u001b[2m:141:38)\u001b[22m\u001b[2m\u001b[22m\n\u001b[2m          at async Promise.all (index 1)\u001b[22m\n\u001b[2m      \u001b[2mat TestingInjector.resolveConstructorParams (\u001b[22m\u001b[2m../node_modules/@nestjs/core/injector/injector.js\u001b[2m:169:27)\u001b[22m\u001b[2m\u001b[22m\n\u001b[2m      \u001b[2mat TestingInjector.loadInstance (\u001b[22m\u001b[2m../node_modules/@nestjs/core/injector/injector.js\u001b[2m:75:13)\u001b[22m\u001b[2m\u001b[22m\n\u001b[2m      \u001b[2mat TestingInjector.loadController (\u001b[22m\u001b[2m../node_modules/@nestjs/core/injector/injector.js\u001b[2m:94:9)\u001b[22m\u001b[2m\u001b[22m\n\u001b[2m      \u001b[2mat \u001b[22m\u001b[2m../node_modules/@nestjs/core/injector/instance-loader.js\u001b[2m:68:13\u001b[22m\u001b[2m\u001b[22m\n\u001b[2m          at async Promise.all (index 0)\u001b[22m\n\u001b[2m      \u001b[2mat TestingInstanceLoader.createInstancesOfControllers (\u001b[22m\u001b[2m../node_modules/@nestjs/core/injector/instance-loader.js\u001b[2m:67:9)\u001b[22m\u001b[2m\u001b[22m\n\u001b[2m      \u001b[2mat \u001b[22m\u001b[2m../node_modules/@nestjs/core/injector/instance-loader.js\u001b[2m:42:13\u001b[22m\u001b[2m\u001b[22m\n\u001b[2m          at async Promise.all (index 1)\u001b[22m\n\u001b[2m      \u001b[2mat TestingInstanceLoader.createInstances (\u001b[22m\u001b[2m../node_modules/@nestjs/core/injector/instance-loader.js\u001b[2m:39:9)\u001b[22m\u001b[2m\u001b[22m\n\u001b[2m      \u001b[2mat TestingInstanceLoader.createInstancesOfDependencies (\u001b[22m\u001b[2m../node_modules/@nestjs/core/injector/instance-loader.js\u001b[2m:22:13)\u001b[22m\u001b[2m\u001b[22m\n\u001b[2m      \u001b[2mat TestingInstanceLoader.createInstancesOfDependencies (\u001b[22m\u001b[2m../node_modules/@nestjs/testing/testing-instance-loader.js\u001b[2m:9:9)\u001b[22m\u001b[2m\u001b[22m\n\u001b[2m      \u001b[2mat TestingModuleBuilder.createInstancesOfDependencies (\u001b[22m\u001b[2m../node_modules/@nestjs/testing/testing-module.builder.js\u001b[2m:118:9)\u001b[22m\u001b[2m\u001b[22m\n\u001b[2m      \u001b[2mat TestingModuleBuilder.compile (\u001b[22m\u001b[2m../node_modules/@nestjs/testing/testing-module.builder.js\u001b[2m:74:9)\u001b[22m\u001b[2m\u001b[22m\n\u001b[2m      \u001b[2mat Object.<anonymous> (\u001b[22m\u001b[2m\u001b[0m\u001b[36mnotion/notion.controller.spec.ts\u001b[39m\u001b[0m\u001b[2m:24:35)\u001b[22m\u001b[2m\u001b[22m\n\n\u001b[1m\u001b[31m  \u001b[1m● \u001b[22m\u001b[1mNotionController › saveToNotion › 没有可选参数时应该正常工作\u001b[39m\u001b[22m\n\n    Nest can't resolve dependencies of the NotionController (NotionService, ?). Please make sure that the argument ConfigService at index [1] is available in the RootTestModule context.\n\n    Potential solutions:\n    - Is RootTestModule a valid NestJS module?\n    - If ConfigService is a provider, is it part of the current RootTestModule?\n    - If ConfigService is exported from a separate @Module, is that module imported within RootTestModule?\n      @Module({\n        imports: [ /* the Module containing ConfigService */ ]\n      })\n\u001b[2m\u001b[22m\n\u001b[2m    \u001b[0m \u001b[90m 22 |\u001b[39m\u001b[22m\n\u001b[2m     \u001b[90m 23 |\u001b[39m   beforeEach(\u001b[36masync\u001b[39m () \u001b[33m=>\u001b[39m {\u001b[22m\n\u001b[2m    \u001b[31m\u001b[1m>\u001b[22m\u001b[2m\u001b[39m\u001b[90m 24 |\u001b[39m     \u001b[36mconst\u001b[39m module\u001b[33m:\u001b[39m \u001b[33mTestingModule\u001b[39m \u001b[33m=\u001b[39m \u001b[36mawait\u001b[39m \u001b[33mTest\u001b[39m\u001b[33m.\u001b[39mcreateTestingModule({\u001b[22m\n\u001b[2m     \u001b[90m    |\u001b[39m                                   \u001b[31m\u001b[1m^\u001b[22m\u001b[2m\u001b[39m\u001b[22m\n\u001b[2m     \u001b[90m 25 |\u001b[39m       controllers\u001b[33m:\u001b[39m [\u001b[33mNotionController\u001b[39m]\u001b[33m,\u001b[39m\u001b[22m\n\u001b[2m     \u001b[90m 26 |\u001b[39m       providers\u001b[33m:\u001b[39m [\u001b[22m\n\u001b[2m     \u001b[90m 27 |\u001b[39m         {\u001b[0m\u001b[22m\n\u001b[2m\u001b[22m\n\u001b[2m      \u001b[2mat TestingInjector.lookupComponentInParentModules (\u001b[22m\u001b[2m../node_modules/@nestjs/core/injector/injector.js\u001b[2m:286:19)\u001b[22m\u001b[2m\u001b[22m\n\u001b[2m      \u001b[2mat TestingInjector.resolveComponentWrapper (\u001b[22m\u001b[2m../node_modules/@nestjs/testing/testing-injector.js\u001b[2m:19:45)\u001b[22m\u001b[2m\u001b[22m\n\u001b[2m      \u001b[2mat resolveParam (\u001b[22m\u001b[2m../node_modules/@nestjs/core/injector/injector.js\u001b[2m:141:38)\u001b[22m\u001b[2m\u001b[22m\n\u001b[2m          at async Promise.all (index 1)\u001b[22m\n\u001b[2m      \u001b[2mat TestingInjector.resolveConstructorParams (\u001b[22m\u001b[2m../node_modules/@nestjs/core/injector/injector.js\u001b[2m:169:27)\u001b[22m\u001b[2m\u001b[22m\n\u001b[2m      \u001b[2mat TestingInjector.loadInstance (\u001b[22m\u001b[2m../node_modules/@nestjs/core/injector/injector.js\u001b[2m:75:13)\u001b[22m\u001b[2m\u001b[22m\n\u001b[2m      \u001b[2mat TestingInjector.loadController (\u001b[22m\u001b[2m../node_modules/@nestjs/core/injector/injector.js\u001b[2m:94:9)\u001b[22m\u001b[2m\u001b[22m\n\u001b[2m      \u001b[2mat \u001b[22m\u001b[2m../node_modules/@nestjs/core/injector/instance-loader.js\u001b[2m:68:13\u001b[22m\u001b[2m\u001b[22m\n\u001b[2m          at async Promise.all (index 0)\u001b[22m\n\u001b[2m      \u001b[2mat TestingInstanceLoader.createInstancesOfControllers (\u001b[22m\u001b[2m../node_modules/@nestjs/core/injector/instance-loader.js\u001b[2m:67:9)\u001b[22m\u001b[2m\u001b[22m\n\u001b[2m      \u001b[2mat \u001b[22m\u001b[2m../node_modules/@nestjs/core/injector/instance-loader.js\u001b[2m:42:13\u001b[22m\u001b[2m\u001b[22m\n\u001b[2m          at async Promise.all (index 1)\u001b[22m\n\u001b[2m      \u001b[2mat TestingInstanceLoader.createInstances (\u001b[22m\u001b[2m../node_modules/@nestjs/core/injector/instance-loader.js\u001b[2m:39:9)\u001b[22m\u001b[2m\u001b[22m\n\u001b[2m      \u001b[2mat TestingInstanceLoader.createInstancesOfDependencies (\u001b[22m\u001b[2m../node_modules/@nestjs/core/injector/instance-loader.js\u001b[2m:22:13)\u001b[22m\u001b[2m\u001b[22m\n\u001b[2m      \u001b[2mat TestingInstanceLoader.createInstancesOfDependencies (\u001b[22m\u001b[2m../node_modules/@nestjs/testing/testing-instance-loader.js\u001b[2m:9:9)\u001b[22m\u001b[2m\u001b[22m\n\u001b[2m      \u001b[2mat TestingModuleBuilder.createInstancesOfDependencies (\u001b[22m\u001b[2m../node_modules/@nestjs/testing/testing-module.builder.js\u001b[2m:118:9)\u001b[22m\u001b[2m\u001b[22m\n\u001b[2m      \u001b[2mat TestingModuleBuilder.compile (\u001b[22m\u001b[2m../node_modules/@nestjs/testing/testing-module.builder.js\u001b[2m:74:9)\u001b[22m\u001b[2m\u001b[22m\n\u001b[2m      \u001b[2mat Object.<anonymous> (\u001b[22m\u001b[2m\u001b[0m\u001b[36mnotion/notion.controller.spec.ts\u001b[39m\u001b[0m\u001b[2m:24:35)\u001b[22m\u001b[2m\u001b[22m\n\n\u001b[1m\u001b[31m  \u001b[1m● \u001b[22m\u001b[1mNotionController › disconnectNotion › 应该成功断开Notion连接\u001b[39m\u001b[22m\n\n    Nest can't resolve dependencies of the NotionController (NotionService, ?). Please make sure that the argument ConfigService at index [1] is available in the RootTestModule context.\n\n    Potential solutions:\n    - Is RootTestModule a valid NestJS module?\n    - If ConfigService is a provider, is it part of the current RootTestModule?\n    - If ConfigService is exported from a separate @Module, is that module imported within RootTestModule?\n      @Module({\n        imports: [ /* the Module containing ConfigService */ ]\n      })\n\u001b[2m\u001b[22m\n\u001b[2m    \u001b[0m \u001b[90m 22 |\u001b[39m\u001b[22m\n\u001b[2m     \u001b[90m 23 |\u001b[39m   beforeEach(\u001b[36masync\u001b[39m () \u001b[33m=>\u001b[39m {\u001b[22m\n\u001b[2m    \u001b[31m\u001b[1m>\u001b[22m\u001b[2m\u001b[39m\u001b[90m 24 |\u001b[39m     \u001b[36mconst\u001b[39m module\u001b[33m:\u001b[39m \u001b[33mTestingModule\u001b[39m \u001b[33m=\u001b[39m \u001b[36mawait\u001b[39m \u001b[33mTest\u001b[39m\u001b[33m.\u001b[39mcreateTestingModule({\u001b[22m\n\u001b[2m     \u001b[90m    |\u001b[39m                                   \u001b[31m\u001b[1m^\u001b[22m\u001b[2m\u001b[39m\u001b[22m\n\u001b[2m     \u001b[90m 25 |\u001b[39m       controllers\u001b[33m:\u001b[39m [\u001b[33mNotionController\u001b[39m]\u001b[33m,\u001b[39m\u001b[22m\n\u001b[2m     \u001b[90m 26 |\u001b[39m       providers\u001b[33m:\u001b[39m [\u001b[22m\n\u001b[2m     \u001b[90m 27 |\u001b[39m         {\u001b[0m\u001b[22m\n\u001b[2m\u001b[22m\n\u001b[2m      \u001b[2mat TestingInjector.lookupComponentInParentModules (\u001b[22m\u001b[2m../node_modules/@nestjs/core/injector/injector.js\u001b[2m:286:19)\u001b[22m\u001b[2m\u001b[22m\n\u001b[2m      \u001b[2mat TestingInjector.resolveComponentWrapper (\u001b[22m\u001b[2m../node_modules/@nestjs/testing/testing-injector.js\u001b[2m:19:45)\u001b[22m\u001b[2m\u001b[22m\n\u001b[2m      \u001b[2mat resolveParam (\u001b[22m\u001b[2m../node_modules/@nestjs/core/injector/injector.js\u001b[2m:141:38)\u001b[22m\u001b[2m\u001b[22m\n\u001b[2m          at async Promise.all (index 1)\u001b[22m\n\u001b[2m      \u001b[2mat TestingInjector.resolveConstructorParams (\u001b[22m\u001b[2m../node_modules/@nestjs/core/injector/injector.js\u001b[2m:169:27)\u001b[22m\u001b[2m\u001b[22m\n\u001b[2m      \u001b[2mat TestingInjector.loadInstance (\u001b[22m\u001b[2m../node_modules/@nestjs/core/injector/injector.js\u001b[2m:75:13)\u001b[22m\u001b[2m\u001b[22m\n\u001b[2m      \u001b[2mat TestingInjector.loadController (\u001b[22m\u001b[2m../node_modules/@nestjs/core/injector/injector.js\u001b[2m:94:9)\u001b[22m\u001b[2m\u001b[22m\n\u001b[2m      \u001b[2mat \u001b[22m\u001b[2m../node_modules/@nestjs/core/injector/instance-loader.js\u001b[2m:68:13\u001b[22m\u001b[2m\u001b[22m\n\u001b[2m          at async Promise.all (index 0)\u001b[22m\n\u001b[2m      \u001b[2mat TestingInstanceLoader.createInstancesOfControllers (\u001b[22m\u001b[2m../node_modules/@nestjs/core/injector/instance-loader.js\u001b[2m:67:9)\u001b[22m\u001b[2m\u001b[22m\n\u001b[2m      \u001b[2mat \u001b[22m\u001b[2m../node_modules/@nestjs/core/injector/instance-loader.js\u001b[2m:42:13\u001b[22m\u001b[2m\u001b[22m\n\u001b[2m          at async Promise.all (index 1)\u001b[22m\n\u001b[2m      \u001b[2mat TestingInstanceLoader.createInstances (\u001b[22m\u001b[2m../node_modules/@nestjs/core/injector/instance-loader.js\u001b[2m:39:9)\u001b[22m\u001b[2m\u001b[22m\n\u001b[2m      \u001b[2mat TestingInstanceLoader.createInstancesOfDependencies (\u001b[22m\u001b[2m../node_modules/@nestjs/core/injector/instance-loader.js\u001b[2m:22:13)\u001b[22m\u001b[2m\u001b[22m\n\u001b[2m      \u001b[2mat TestingInstanceLoader.createInstancesOfDependencies (\u001b[22m\u001b[2m../node_modules/@nestjs/testing/testing-instance-loader.js\u001b[2m:9:9)\u001b[22m\u001b[2m\u001b[22m\n\u001b[2m      \u001b[2mat TestingModuleBuilder.createInstancesOfDependencies (\u001b[22m\u001b[2m../node_modules/@nestjs/testing/testing-module.builder.js\u001b[2m:118:9)\u001b[22m\u001b[2m\u001b[22m\n\u001b[2m      \u001b[2mat TestingModuleBuilder.compile (\u001b[22m\u001b[2m../node_modules/@nestjs/testing/testing-module.builder.js\u001b[2m:74:9)\u001b[22m\u001b[2m\u001b[22m\n\u001b[2m      \u001b[2mat Object.<anonymous> (\u001b[22m\u001b[2m\u001b[0m\u001b[36mnotion/notion.controller.spec.ts\u001b[39m\u001b[0m\u001b[2m:24:35)\u001b[22m\u001b[2m\u001b[22m\n\n\u001b[1m\u001b[31m  \u001b[1m● \u001b[22m\u001b[1mNotionController › getStatus › 应该成功获取Notion状态\u001b[39m\u001b[22m\n\n    Nest can't resolve dependencies of the NotionController (NotionService, ?). Please make sure that the argument ConfigService at index [1] is available in the RootTestModule context.\n\n    Potential solutions:\n    - Is RootTestModule a valid NestJS module?\n    - If ConfigService is a provider, is it part of the current RootTestModule?\n    - If ConfigService is exported from a separate @Module, is that module imported within RootTestModule?\n      @Module({\n        imports: [ /* the Module containing ConfigService */ ]\n      })\n\u001b[2m\u001b[22m\n\u001b[2m    \u001b[0m \u001b[90m 22 |\u001b[39m\u001b[22m\n\u001b[2m     \u001b[90m 23 |\u001b[39m   beforeEach(\u001b[36masync\u001b[39m () \u001b[33m=>\u001b[39m {\u001b[22m\n\u001b[2m    \u001b[31m\u001b[1m>\u001b[22m\u001b[2m\u001b[39m\u001b[90m 24 |\u001b[39m     \u001b[36mconst\u001b[39m module\u001b[33m:\u001b[39m \u001b[33mTestingModule\u001b[39m \u001b[33m=\u001b[39m \u001b[36mawait\u001b[39m \u001b[33mTest\u001b[39m\u001b[33m.\u001b[39mcreateTestingModule({\u001b[22m\n\u001b[2m     \u001b[90m    |\u001b[39m                                   \u001b[31m\u001b[1m^\u001b[22m\u001b[2m\u001b[39m\u001b[22m\n\u001b[2m     \u001b[90m 25 |\u001b[39m       controllers\u001b[33m:\u001b[39m [\u001b[33mNotionController\u001b[39m]\u001b[33m,\u001b[39m\u001b[22m\n\u001b[2m     \u001b[90m 26 |\u001b[39m       providers\u001b[33m:\u001b[39m [\u001b[22m\n\u001b[2m     \u001b[90m 27 |\u001b[39m         {\u001b[0m\u001b[22m\n\u001b[2m\u001b[22m\n\u001b[2m      \u001b[2mat TestingInjector.lookupComponentInParentModules (\u001b[22m\u001b[2m../node_modules/@nestjs/core/injector/injector.js\u001b[2m:286:19)\u001b[22m\u001b[2m\u001b[22m\n\u001b[2m      \u001b[2mat TestingInjector.resolveComponentWrapper (\u001b[22m\u001b[2m../node_modules/@nestjs/testing/testing-injector.js\u001b[2m:19:45)\u001b[22m\u001b[2m\u001b[22m\n\u001b[2m      \u001b[2mat resolveParam (\u001b[22m\u001b[2m../node_modules/@nestjs/core/injector/injector.js\u001b[2m:141:38)\u001b[22m\u001b[2m\u001b[22m\n\u001b[2m          at async Promise.all (index 1)\u001b[22m\n\u001b[2m      \u001b[2mat TestingInjector.resolveConstructorParams (\u001b[22m\u001b[2m../node_modules/@nestjs/core/injector/injector.js\u001b[2m:169:27)\u001b[22m\u001b[2m\u001b[22m\n\u001b[2m      \u001b[2mat TestingInjector.loadInstance (\u001b[22m\u001b[2m../node_modules/@nestjs/core/injector/injector.js\u001b[2m:75:13)\u001b[22m\u001b[2m\u001b[22m\n\u001b[2m      \u001b[2mat TestingInjector.loadController (\u001b[22m\u001b[2m../node_modules/@nestjs/core/injector/injector.js\u001b[2m:94:9)\u001b[22m\u001b[2m\u001b[22m\n\u001b[2m      \u001b[2mat \u001b[22m\u001b[2m../node_modules/@nestjs/core/injector/instance-loader.js\u001b[2m:68:13\u001b[22m\u001b[2m\u001b[22m\n\u001b[2m          at async Promise.all (index 0)\u001b[22m\n\u001b[2m      \u001b[2mat TestingInstanceLoader.createInstancesOfControllers (\u001b[22m\u001b[2m../node_modules/@nestjs/core/injector/instance-loader.js\u001b[2m:67:9)\u001b[22m\u001b[2m\u001b[22m\n\u001b[2m      \u001b[2mat \u001b[22m\u001b[2m../node_modules/@nestjs/core/injector/instance-loader.js\u001b[2m:42:13\u001b[22m\u001b[2m\u001b[22m\n\u001b[2m          at async Promise.all (index 1)\u001b[22m\n\u001b[2m      \u001b[2mat TestingInstanceLoader.createInstances (\u001b[22m\u001b[2m../node_modules/@nestjs/core/injector/instance-loader.js\u001b[2m:39:9)\u001b[22m\u001b[2m\u001b[22m\n\u001b[2m      \u001b[2mat TestingInstanceLoader.createInstancesOfDependencies (\u001b[22m\u001b[2m../node_modules/@nestjs/core/injector/instance-loader.js\u001b[2m:22:13)\u001b[22m\u001b[2m\u001b[22m\n\u001b[2m      \u001b[2mat TestingInstanceLoader.createInstancesOfDependencies (\u001b[22m\u001b[2m../node_modules/@nestjs/testing/testing-instance-loader.js\u001b[2m:9:9)\u001b[22m\u001b[2m\u001b[22m\n\u001b[2m      \u001b[2mat TestingModuleBuilder.createInstancesOfDependencies (\u001b[22m\u001b[2m../node_modules/@nestjs/testing/testing-module.builder.js\u001b[2m:118:9)\u001b[22m\u001b[2m\u001b[22m\n\u001b[2m      \u001b[2mat TestingModuleBuilder.compile (\u001b[22m\u001b[2m../node_modules/@nestjs/testing/testing-module.builder.js\u001b[2m:74:9)\u001b[22m\u001b[2m\u001b[22m\n\u001b[2m      \u001b[2mat Object.<anonymous> (\u001b[22m\u001b[2m\u001b[0m\u001b[36mnotion/notion.controller.spec.ts\u001b[39m\u001b[0m\u001b[2m:24:35)\u001b[22m\u001b[2m\u001b[22m\n\n\u001b[1m\u001b[31m  \u001b[1m● \u001b[22m\u001b[1mNotionController › oauthCallback › 应该成功处理OAuth回调\u001b[39m\u001b[22m\n\n    Nest can't resolve dependencies of the NotionController (NotionService, ?). Please make sure that the argument ConfigService at index [1] is available in the RootTestModule context.\n\n    Potential solutions:\n    - Is RootTestModule a valid NestJS module?\n    - If ConfigService is a provider, is it part of the current RootTestModule?\n    - If ConfigService is exported from a separate @Module, is that module imported within RootTestModule?\n      @Module({\n        imports: [ /* the Module containing ConfigService */ ]\n      })\n\u001b[2m\u001b[22m\n\u001b[2m    \u001b[0m \u001b[90m 22 |\u001b[39m\u001b[22m\n\u001b[2m     \u001b[90m 23 |\u001b[39m   beforeEach(\u001b[36masync\u001b[39m () \u001b[33m=>\u001b[39m {\u001b[22m\n\u001b[2m    \u001b[31m\u001b[1m>\u001b[22m\u001b[2m\u001b[39m\u001b[90m 24 |\u001b[39m     \u001b[36mconst\u001b[39m module\u001b[33m:\u001b[39m \u001b[33mTestingModule\u001b[39m \u001b[33m=\u001b[39m \u001b[36mawait\u001b[39m \u001b[33mTest\u001b[39m\u001b[33m.\u001b[39mcreateTestingModule({\u001b[22m\n\u001b[2m     \u001b[90m    |\u001b[39m                                   \u001b[31m\u001b[1m^\u001b[22m\u001b[2m\u001b[39m\u001b[22m\n\u001b[2m     \u001b[90m 25 |\u001b[39m       controllers\u001b[33m:\u001b[39m [\u001b[33mNotionController\u001b[39m]\u001b[33m,\u001b[39m\u001b[22m\n\u001b[2m     \u001b[90m 26 |\u001b[39m       providers\u001b[33m:\u001b[39m [\u001b[22m\n\u001b[2m     \u001b[90m 27 |\u001b[39m         {\u001b[0m\u001b[22m\n\u001b[2m\u001b[22m\n\u001b[2m      \u001b[2mat TestingInjector.lookupComponentInParentModules (\u001b[22m\u001b[2m../node_modules/@nestjs/core/injector/injector.js\u001b[2m:286:19)\u001b[22m\u001b[2m\u001b[22m\n\u001b[2m      \u001b[2mat TestingInjector.resolveComponentWrapper (\u001b[22m\u001b[2m../node_modules/@nestjs/testing/testing-injector.js\u001b[2m:19:45)\u001b[22m\u001b[2m\u001b[22m\n\u001b[2m      \u001b[2mat resolveParam (\u001b[22m\u001b[2m../node_modules/@nestjs/core/injector/injector.js\u001b[2m:141:38)\u001b[22m\u001b[2m\u001b[22m\n\u001b[2m          at async Promise.all (index 1)\u001b[22m\n\u001b[2m      \u001b[2mat TestingInjector.resolveConstructorParams (\u001b[22m\u001b[2m../node_modules/@nestjs/core/injector/injector.js\u001b[2m:169:27)\u001b[22m\u001b[2m\u001b[22m\n\u001b[2m      \u001b[2mat TestingInjector.loadInstance (\u001b[22m\u001b[2m../node_modules/@nestjs/core/injector/injector.js\u001b[2m:75:13)\u001b[22m\u001b[2m\u001b[22m\n\u001b[2m      \u001b[2mat TestingInjector.loadController (\u001b[22m\u001b[2m../node_modules/@nestjs/core/injector/injector.js\u001b[2m:94:9)\u001b[22m\u001b[2m\u001b[22m\n\u001b[2m      \u001b[2mat \u001b[22m\u001b[2m../node_modules/@nestjs/core/injector/instance-loader.js\u001b[2m:68:13\u001b[22m\u001b[2m\u001b[22m\n\u001b[2m          at async Promise.all (index 0)\u001b[22m\n\u001b[2m      \u001b[2mat TestingInstanceLoader.createInstancesOfControllers (\u001b[22m\u001b[2m../node_modules/@nestjs/core/injector/instance-loader.js\u001b[2m:67:9)\u001b[22m\u001b[2m\u001b[22m\n\u001b[2m      \u001b[2mat \u001b[22m\u001b[2m../node_modules/@nestjs/core/injector/instance-loader.js\u001b[2m:42:13\u001b[22m\u001b[2m\u001b[22m\n\u001b[2m          at async Promise.all (index 1)\u001b[22m\n\u001b[2m      \u001b[2mat TestingInstanceLoader.createInstances (\u001b[22m\u001b[2m../node_modules/@nestjs/core/injector/instance-loader.js\u001b[2m:39:9)\u001b[22m\u001b[2m\u001b[22m\n\u001b[2m      \u001b[2mat TestingInstanceLoader.createInstancesOfDependencies (\u001b[22m\u001b[2m../node_modules/@nestjs/core/injector/instance-loader.js\u001b[2m:22:13)\u001b[22m\u001b[2m\u001b[22m\n\u001b[2m      \u001b[2mat TestingInstanceLoader.createInstancesOfDependencies (\u001b[22m\u001b[2m../node_modules/@nestjs/testing/testing-instance-loader.js\u001b[2m:9:9)\u001b[22m\u001b[2m\u001b[22m\n\u001b[2m      \u001b[2mat TestingModuleBuilder.createInstancesOfDependencies (\u001b[22m\u001b[2m../node_modules/@nestjs/testing/testing-module.builder.js\u001b[2m:118:9)\u001b[22m\u001b[2m\u001b[22m\n\u001b[2m      \u001b[2mat TestingModuleBuilder.compile (\u001b[22m\u001b[2m../node_modules/@nestjs/testing/testing-module.builder.js\u001b[2m:74:9)\u001b[22m\u001b[2m\u001b[22m\n\u001b[2m      \u001b[2mat Object.<anonymous> (\u001b[22m\u001b[2m\u001b[0m\u001b[36mnotion/notion.controller.spec.ts\u001b[39m\u001b[0m\u001b[2m:24:35)\u001b[22m\u001b[2m\u001b[22m\n\n\u001b[1m\u001b[31m  \u001b[1m● \u001b[22m\u001b[1mNotionController › oauthCallback › 应该处理无效的state参数\u001b[39m\u001b[22m\n\n    Nest can't resolve dependencies of the NotionController (NotionService, ?). Please make sure that the argument ConfigService at index [1] is available in the RootTestModule context.\n\n    Potential solutions:\n    - Is RootTestModule a valid NestJS module?\n    - If ConfigService is a provider, is it part of the current RootTestModule?\n    - If ConfigService is exported from a separate @Module, is that module imported within RootTestModule?\n      @Module({\n        imports: [ /* the Module containing ConfigService */ ]\n      })\n\u001b[2m\u001b[22m\n\u001b[2m    \u001b[0m \u001b[90m 22 |\u001b[39m\u001b[22m\n\u001b[2m     \u001b[90m 23 |\u001b[39m   beforeEach(\u001b[36masync\u001b[39m () \u001b[33m=>\u001b[39m {\u001b[22m\n\u001b[2m    \u001b[31m\u001b[1m>\u001b[22m\u001b[2m\u001b[39m\u001b[90m 24 |\u001b[39m     \u001b[36mconst\u001b[39m module\u001b[33m:\u001b[39m \u001b[33mTestingModule\u001b[39m \u001b[33m=\u001b[39m \u001b[36mawait\u001b[39m \u001b[33mTest\u001b[39m\u001b[33m.\u001b[39mcreateTestingModule({\u001b[22m\n\u001b[2m     \u001b[90m    |\u001b[39m                                   \u001b[31m\u001b[1m^\u001b[22m\u001b[2m\u001b[39m\u001b[22m\n\u001b[2m     \u001b[90m 25 |\u001b[39m       controllers\u001b[33m:\u001b[39m [\u001b[33mNotionController\u001b[39m]\u001b[33m,\u001b[39m\u001b[22m\n\u001b[2m     \u001b[90m 26 |\u001b[39m       providers\u001b[33m:\u001b[39m [\u001b[22m\n\u001b[2m     \u001b[90m 27 |\u001b[39m         {\u001b[0m\u001b[22m\n\u001b[2m\u001b[22m\n\u001b[2m      \u001b[2mat TestingInjector.lookupComponentInParentModules (\u001b[22m\u001b[2m../node_modules/@nestjs/core/injector/injector.js\u001b[2m:286:19)\u001b[22m\u001b[2m\u001b[22m\n\u001b[2m      \u001b[2mat TestingInjector.resolveComponentWrapper (\u001b[22m\u001b[2m../node_modules/@nestjs/testing/testing-injector.js\u001b[2m:19:45)\u001b[22m\u001b[2m\u001b[22m\n\u001b[2m      \u001b[2mat resolveParam (\u001b[22m\u001b[2m../node_modules/@nestjs/core/injector/injector.js\u001b[2m:141:38)\u001b[22m\u001b[2m\u001b[22m\n\u001b[2m          at async Promise.all (index 1)\u001b[22m\n\u001b[2m      \u001b[2mat TestingInjector.resolveConstructorParams (\u001b[22m\u001b[2m../node_modules/@nestjs/core/injector/injector.js\u001b[2m:169:27)\u001b[22m\u001b[2m\u001b[22m\n\u001b[2m      \u001b[2mat TestingInjector.loadInstance (\u001b[22m\u001b[2m../node_modules/@nestjs/core/injector/injector.js\u001b[2m:75:13)\u001b[22m\u001b[2m\u001b[22m\n\u001b[2m      \u001b[2mat TestingInjector.loadController (\u001b[22m\u001b[2m../node_modules/@nestjs/core/injector/injector.js\u001b[2m:94:9)\u001b[22m\u001b[2m\u001b[22m\n\u001b[2m      \u001b[2mat \u001b[22m\u001b[2m../node_modules/@nestjs/core/injector/instance-loader.js\u001b[2m:68:13\u001b[22m\u001b[2m\u001b[22m\n\u001b[2m          at async Promise.all (index 0)\u001b[22m\n\u001b[2m      \u001b[2mat TestingInstanceLoader.createInstancesOfControllers (\u001b[22m\u001b[2m../node_modules/@nestjs/core/injector/instance-loader.js\u001b[2m:67:9)\u001b[22m\u001b[2m\u001b[22m\n\u001b[2m      \u001b[2mat \u001b[22m\u001b[2m../node_modules/@nestjs/core/injector/instance-loader.js\u001b[2m:42:13\u001b[22m\u001b[2m\u001b[22m\n\u001b[2m          at async Promise.all (index 1)\u001b[22m\n\u001b[2m      \u001b[2mat TestingInstanceLoader.createInstances (\u001b[22m\u001b[2m../node_modules/@nestjs/core/injector/instance-loader.js\u001b[2m:39:9)\u001b[22m\u001b[2m\u001b[22m\n\u001b[2m      \u001b[2mat TestingInstance
[...]
},{"assertionResults":[{"ancestorTitles":["NotionService"],"duration":9,"failing":false,"failureDetails":[],"failureMessages":[],"fullName":"NotionService 应该被定义","invocations":1,"location":null,"numPassingAsserts":1,"retryReasons":[],"startAt":1756919408212,"status":"passed","title":"应该被定义"},{"ancestorTitles":["NotionService","saveNotionToken"],"duration":5,"failing":false,"failureDetails":[],"failureMessages":[],"fullName":"NotionService saveNotionToken 应该成功保存加密的Notion token","invocations":1,"location":null,"numPassingAsserts":2,"retryReasons":[],"startAt":1756919408222,"status":"passed","title":"应该成功保存加密的Notion token"},{"ancestorTitles":["NotionService","saveNotionDatabase"],"duration":2,"failing":false,"failureDetails":[],"failureMessages":[],"fullName":"NotionService saveNotionDatabase 应该成功保存数据库ID","invocations":1,"location":null,"numPassingAsserts":1,"retryReasons":[],"startAt":1756919408227,"status":"passed","title":"应该成功保存数据库ID"},{"ancestorTitles":["NotionService","getNotionClient"],"duration":2,"failing":false,"failureDetails":[],"failureMessages":[],"fullName":"NotionService getNotionClient 应该成功返回Notion客户端","invocations":1,"location":null,"numPassingAsserts":2,"retryReasons":[],"startAt":1756919408230,"status":"passed","title":"应该成功返回Notion客户端"},{"ancestorTitles":["NotionService","getNotionClient"],"duration":16,"failing":false,"failureDetails":[],"failureMessages":[],"fullName":"NotionService getNotionClient 用户不存在时应该抛出BadRequestException","invocations":1,"location":null,"numPassingAsserts":1,"retryReasons":[],"startAt":1756919408233,"status":"passed","title":"用户不存在时应该抛出BadRequestException"},{"ancestorTitles":["NotionService","getNotionClient"],"duration":3,"failing":false,"failureDetails":[],"failureMessages":[],"fullName":"NotionService getNotionClient 用户没有Notion token时应该抛出BadRequestException","invocations":1,"location":null,"numPassingAsserts":1,"retryReasons":[],"startAt":1756919408250,"status":"passed","title":"用户没有Notion token时应该抛出BadRequestException"},{"ancestorTitles":["NotionService","getNotionClient"],"duration":2,"failing":false,"failureDetails":[],"failureMessages":[],"fullName":"NotionService getNotionClient 解密失败时应该抛出InternalServerErrorException","invocations":1,"location":null,"numPassingAsserts":1,"retryReasons":[],"startAt":1756919408254,"status":"passed","title":"解密失败时应该抛出InternalServerErrorException"},{"ancestorTitles":["NotionService","getDatabases"],"duration":2,"failing":false,"failureDetails":[],"failureMessages":[],"fullName":"NotionService getDatabases 应该成功获取数据库列表","invocations":1,"location":null,"numPassingAsserts":1,"retryReasons":[],"startAt":1756919408256,"status":"passed","title":"应该成功获取数据库列表"},{"ancestorTitles":["NotionService","getDatabases"],"duration":1,"failing":false,"failureDetails":[],"failureMessages":[],"fullName":"NotionService getDatabases 应该处理无标题的数据库","invocations":1,"location":null,"numPassingAsserts":1,"retryReasons":[],"startAt":1756919408259,"status":"passed","title":"应该处理无标题的数据库"},{"ancestorTitles":["NotionService","getDatabases"],"duration":2,"failing":false,"failureDetails":[],"failureMessages":[],"fullName":"NotionService getDatabases token无效时应该抛出BadRequestException","invocations":1,"location":null,"numPassingAsserts":1,"retryReasons":[],"startAt":1756919408261,"status":"passed","title":"token无效时应该抛出BadRequestException"},{"ancestorTitles":["NotionService","getDatabases"],"duration":2,"failing":false,"failureDetails":[],"failureMessages":[],"fullName":"NotionService getDatabases 其他错误时应该抛出InternalServerErrorException","invocations":1,"location":null,"numPassingAsserts":1,"retryReasons":[],"startAt":1756919408263,"status":"passed","title":"其他错误时应该抛出InternalServerErrorException"},{"ancestorTitles":["NotionService","saveToNotion"],"duration":2,"failing":false,"failureDetails":[],"failureMessages":[],"fullName":"NotionService saveToNotion 应该成功保存到Notion","invocations":1,"location":null,"numPassingAsserts":2,"retryReasons":[],"startAt":1756919408266,"status":"passed","title":"应该成功保存到Notion"},{"ancestorTitles":["NotionService","saveToNotion"],"duration":3,"failing":false,"failureDetails":[],"failureMessages":[],"fullName":"NotionService saveToNotion 没有tags时应该正常工作","invocations":1,"location":null,"numPassingAsserts":1,"retryReasons":[],"startAt":1756919408268,"status":"passed","title":"没有tags时应该正常工作"},{"ancestorTitles":["NotionService","saveToNotion"],"duration":2,"failing":false,"failureDetails":[],"failureMessages":[],"fullName":"NotionService saveToNotion 用户没有选择数据库时应该抛出BadRequestException","invocations":1,"location":null,"numPassingAsserts":1,"retryReasons":[],"startAt":1756919408271,"status":"passed","title":"用户没有选择数据库时应该抛出BadRequestException"},{"ancestorTitles":["NotionService","saveToNotion"],"duration":2,"failing":false,"failureDetails":[],"failureMessages":[],"fullName":"NotionService saveToNotion 数据库不存在时应该抛出BadRequestException","invocations":1,"location":null,"numPassingAsserts":1,"retryReasons":[],"startAt":1756919408273,"status":"passed","title":"数据库不存在时应该抛出BadRequestException"},{"ancestorTitles":["NotionService","saveToNotion"],"duration":2,"failing":false,"failureDetails":[],"failureMessages":[],"fullName":"NotionService saveToNotion token无效时应该抛出BadRequestException","invocations":1,"location":null,"numPassingAsserts":1,"retryReasons":[],"startAt":1756919408275,"status":"passed","title":"token无效时应该抛出BadRequestException"},{"ancestorTitles":["NotionService","saveToNotion"],"duration":1,"failing":false,"failureDetails":[],"failureMessages":[],"fullName":"NotionService saveToNotion 其他错误时应该抛出InternalServerErrorException","invocations":1,"location":null,"numPassingAsserts":1,"retryReasons":[],"startAt":1756919408278,"status":"passed","title":"其他错误时应该抛出InternalServerErrorException"},{"ancestorTitles":["NotionService","disconnectNotion"],"duration":1,"failing":false,"failureDetails":[],"failureMessages":[],"fullName":"NotionService disconnectNotion 应该成功断开Notion连接","invocations":1,"location":null,"numPassingAsserts":1,"retryReasons":[],"startAt":1756919408287,"status":"passed","title":"应该成功断开Notion连接"},{"ancestorTitles":["NotionService","getNotionStatus"],"duration":1,"failing":false,"failureDetails":[],"failureMessages":[],"fullName":"NotionService getNotionStatus 应该返回连接状态","invocations":1,"location":null,"numPassingAsserts":1,"retryReasons":[],"startAt":1756919408289,"status":"passed","title":"应该返回连接状态"},{"ancestorTitles":["NotionService","getNotionStatus"],"duration":1,"failing":false,"failureDetails":[],"failureMessages":[],"fullName":"NotionService getNotionStatus 应该返回未连接状态","invocations":1,"location":null,"numPassingAsserts":1,"retryReasons":[],"startAt":1756919408290,"status":"passed","title":"应该返回未连接状态"},{"ancestorTitles":["NotionService","getNotionStatus"],"duration":1,"failing":false,"failureDetails":[],"failureMessages":[],"fullName":"NotionService getNotionStatus 用户不存在时应该返回未连接状态","invocations":1,"location":null,"numPassingAsserts":1,"retryReasons":[],"startAt":1756919408292,"status":"passed","title":"用户不存在时应该返回未连接状态"}],"endTime":1756919408295,"message":"","name":"H:\\aithreadstash-project\\backend\\src\\notion\\notion.service.spec.ts","startTime":1756919407636,"status":"passed","summary":""},{"assertionResults":[{"ancestorTitles":["StripeService","createCheckoutSession"],"duration":31,"failing":false,"failureDetails":[],"failureMessages":[],"fullName":"StripeService createCheckoutSession 应该成功创建结账会话（新客户）","invocations":1,"location":null,"numPassingAsserts":5,"retryReasons":[],"startAt":1756919408816,"status":"passed","title":"应该成功创建结账会话（新客户）"},{"ancestorTitles":["StripeService","createCheckoutSession"],"duration":3,"failing":false,"failureDetails":[],"failureMessages":[],"fullName":"StripeService createCheckoutSession 应该成功创建结账会话（现有客户）","invocations":1,"location":null,"numPassingAsserts":3,"retryReasons":[],"startAt":1756919408848,"status":"passed","title":"应该成功创建结账会话（现有客户）"},{"ancestorTitles":["StripeService","createCheckoutSession"],"duration":21,"failing":false,"failureDetails":[],"failureMessages":[],"fullName":"StripeService createCheckoutSession 用户不存在时应该抛出异常","invocations":1,"location":null,"numPassingAsserts":1,"retryReasons":[],"startAt":1756919408851,"status":"passed","title":"用户不存在时应该抛出异常"},{"ancestorTitles":["StripeService","createCheckoutSession"],"duration":4,"failing":false,"failureDetails":[],"failureMessages":[],"fullName":"StripeService createCheckoutSession Stripe错误时应该抛出异常","invocations":1,"location":null,"numPassingAsserts":1,"retryReasons":[],"startAt":1756919408873,"status":"passed","title":"Stripe错误时应该抛出异常"},{"ancestorTitles":["StripeService","createCustomerPortalSession"],"duration":2,"failing":false,"failureDetails":[],"failureMessages":[],"fullName":"StripeService createCustomerPortalSession 应该成功创建客户门户会话","invocations":1,"location":null,"numPassingAsserts":3,"retryReasons":[],"startAt":1756919408878,"status":"passed","title":"应该成功创建客户门户会话"},{"ancestorTitles":["StripeService","createCustomerPortalSession"],"duration":2,"failing":false,"failureDetails":[],"failureMessages":[],"fullName":"StripeService createCustomerPortalSession 用户不存在时应该抛出异常","invocations":1,"location":null,"numPassingAsserts":1,"retryReasons":[],"startAt":1756919408881,"status":"passed","title":"用户不存在时应该抛出异常"},{"ancestorTitles":["StripeService","createCustomerPortalSession"],"duration":2,"failing":false,"failureDetails":[],"failureMessages":[],"fullName":"StripeService createCustomerPortalSession 用户没有Stripe客户ID时应该抛出异常","invocations":1,"location":null,"numPassingAsserts":1,"retryReasons":[],"startAt":1756919408883,"status":"passed","title":"用户没有Stripe客户ID时应该抛出异常"},{"ancestorTitles":["StripeService","createCustomerPortalSession"],"duration":2,"failing":false,"failureDetails":[],"failureMessages":[],"fullName":"StripeService createCustomerPortalSession Stripe错误时应该抛出异常","invocations":1,"location":null,"numPassingAsserts":1,"retryReasons":[],"startAt":1756919408885,"status":"passed","title":"Stripe错误时应该抛出异常"},{"ancestorTitles":["StripeService","handleWebhookEvent"],"duration":3,"failing":false,"failureDetails":[],"failureMessages":[],"fullName":"StripeService handleWebhookEvent 应该成功处理webhook事件","invocations":1,"location":null,"numPassingAsserts":3,"retryReasons":[],"startAt":1756919408888,"status":"passed","title":"应该成功处理webhook事件"},{"ancestorTitles":["StripeService","handleWebhookEvent"],"duration":3,"failing":false,"failureDetails":[],"failureMessages":[],"fullName":"StripeService handleWebhookEvent webhook密钥未配置时应该抛出异常","invocations":1,"location":null,"numPassingAsserts":1,"retryReasons":[],"startAt":1756919408891,"status":"passed","title":"webhook密钥未配置时应该抛出异常"},{"ancestorTitles":["StripeService","handleWebhookEvent"],"duration":11,"failing":false,"failureDetails":[],"failureMessages":[],"fullName":"StripeService handleWebhookEvent 签名验证失败时应该抛出异常","invocations":1,"location":null,"numPassingAsserts":1,"retryReasons":[],"startAt":1756919408894,"status":"passed","title":"签名验证失败时应该抛出异常"},{"ancestorTitles":["StripeService","handleWebhookEvent"],"duration":3,"failing":false,"failureDetails":[],"failureMessages":[],"fullName":"StripeService handleWebhookEvent 应该处理未支持的事件类型","invocations":1,"location":null,"numPassingAsserts":1,"retryReasons":[],"startAt":1756919408905,"status":"passed","title":"应该处理未支持的事件类型"}],"endTime":1756919408910,"message":"","name":"H:\\aithreadstash-project\\backend\\src\\stripe\\stripe.service.spec.ts","startTime":1756919408306,"status":"passed","summary":""},{"assertionResults":[{"ancestorTitles":["UsersService","updateProfile"],"duration":11,"failing":false,"failureDetails":[],"failureMessages":[],"fullName":"UsersService updateProfile 应该成功更新用户资料","invocations":1,"location":null,"numPassingAsserts":2,"retryReasons":[],"startAt":1756919409386,"status":"passed","title":"应该成功更新用户资料"},{"ancestorTitles":["UsersService","updateProfile"],"duration":13,"failing":false,"failureDetails":[],"failureMessages":[],"fullName":"UsersService updateProfile 用户不存在时应该抛出异常","invocations":1,"location":null,"numPassingAsserts":1,"retryReasons":[],"startAt":1756919409398,"status":"passed","title":"用户不存在时应该抛出异常"},{"ancestorTitles":["UsersService","updateProfile"],"duration":3,"failing":false,"failureDetails":[],"failureMessages":[],"fullName":"UsersService updateProfile 邮箱已存在时应该抛出异常","invocations":1,"location":null,"numPassingAsserts":1,"retryReasons":[],"startAt":1756919409412,"status":"passed","title":"邮箱已存在时应该抛出异常"},{"ancestorTitles":["UsersService","changePassword"],"duration":3,"failing":false,"failureDetails":[],"failureMessages":[],"fullName":"UsersService changePassword 应该成功更改密码","invocations":1,"location":null,"numPassingAsserts":2,"retryReasons":[],"startAt":1756919409415,"status":"passed","title":"应该成功更改密码"},{"ancestorTitles":["UsersService","changePassword"],"duration":3,"failing":false,"failureDetails":[],"failureMessages":[],"fullName":"UsersService changePassword 当前密码错误时应该返回false","invocations":1,"location":null,"numPassingAsserts":1,"retryReasons":[],"startAt":1756919409418,"status":"passed","title":"当前密码错误时应该返回false"},{"ancestorTitles":["UsersService","changePassword"],"duration":2,"failing":false,"failureDetails":[],"failureMessages":[],"fullName":"UsersService changePassword 用户不存在时应该抛出异常","invocations":1,"location":null,"numPassingAsserts":1,"retryReasons":[],"startAt":1756919409422,"status":"passed","title":"用户不存在时应该抛出异常"},{"ancestorTitles":["UsersService","getUserStats"],"duration":3,"failing":false,"failureDetails":[],"failureMessages":[],"fullName":"UsersService getUserStats 应该返回用户统计信息","invocations":1,"location":null,"numPassingAsserts":5,"retryReasons":[],"startAt":1756919409424,"status":"passed","title":"应该返回用户统计信息"},{"ancestorTitles":["UsersService","getUserStats"],"duration":1,"failing":false,"failureDetails":[],"failureMessages":[],"fullName":"UsersService getUserStats 用户不存在时应该抛出异常","invocations":1,"location":null,"numPassingAsserts":1,"retryReasons":[],"startAt":1756919409427,"status":"passed","title":"用户不存在时应该抛出异常"},{"ancestorTitles":["UsersService","getUserActivity"],"duration":3,"failing":false,"failureDetails":[],"failureMessages":[],"fullName":"UsersService getUserActivity 应该返回用户活动信息","invocations":1,"location":null,"numPassingAsserts":3,"retryReasons":[],"startAt":1756919409429,"status":"passed","title":"应该返回用户活动信息"}],"endTime":1756919409433,"message":"","name":"H:\\aithreadstash-project\\backend\\src\\users\\users.service.spec.ts","startTime":1756919408937,"status":"passed","summary":""},{"assertionResults":[{"ancestorTitles":["HealthController"],"duration":14,"failing":false,"failureDetails":[],"failureMessages":[],"fullName":"HealthController 应该被定义","invocations":1,"location":null,"numPassingAsserts":1,"retryReasons":[],"startAt":1756919409928,"status":"passed","title":"应该被定义"},{"ancestorTitles":["HealthController","check"],"duration":3,"failing":false,"failureDetails":[],"failureMessages":[],"fullName":"HealthController check 数据库连接正常时应该返回健康状态","invocations":1,"location":null,"numPassingAsserts":7,"retryReasons":[],"startAt":1756919409943,"status":"passed","title":"数据库连接正常时应该返回健康状态"},{"ancestorTitles":["HealthController","check"],"duration":2,"failing":false,"failureDetails":[],"failureMessages":[],"fullName":"HealthController check 数据库连接失败时应该返回错误状态","invocations":1,"location":null,"numPassingAsserts":6,"retryReasons":[],"startAt":1756919409946,"status":"passed","title":"数据库连接失败时应该返回错误状态"},{"ancestorTitles":["HealthController","check"],"duration":2,"failing":false,"failureDetails":[],"failureMessages":[],"fullName":"HealthController check 环境变量未设置时应该使用默认值","invocations":1,"location":null,"numPassingAsserts":3,"retryReasons":[],"startAt":1756919409949,"status":"passed","title":"环境变量未设置时应该使用默认值"}],"endTime":1756919409952,"message":"","name":"H:\\aithreadstash-project\\backend\\src\\health\\health.controller.spec.ts","startTime":1756919409455,"status":"passed","summary":""},{"assertionResults":[{"ancestorTitles":["Database Entities","User Entity"],"duration":5,"failing":false,"failureDetails":[],"failureMessages":[],"fullName":"Database Entities User Entity 应该正确创建用户实体","invocations":1,"location":null,"numPassingAsserts":17,"retryReasons":[],"startAt":1756919410258,"status":"passed","title":"应该正确创建用户实体"},{"ancestorTitles":["Database Entities","User Entity"],"duration":1,"failing":false,"failureDetails":[],"failureMessages":[],"fullName":"Database Entities User Entity 应该处理可选字段为null","invocations":1,"location":null,"numPassingAsserts":11,"retryReasons":[],"startAt":1756919410264,"status":"passed","title":"应该处理可选字段为null"},{"ancestorTitles":["Database Entities","User Entity"],"duration":1,"failing":false,"failureDetails":[],"failureMessages":[],"fullName":"Database Entities User Entity 应该正确设置默认值","invocations":1,"location":null,"numPassingAsserts":1,"retryReasons":[],"startAt":1756919410265,"status":"passed","title":"应该正确设置默认值"},{"ancestorTitles":["Database Entities","User Entity"],"duration":1,"failing":false,"failureDetails":[],"failureMessages":[],"fullName":"Database Entities User Entity 应该正确处理枚举类型","invocations":1,"location":null,"numPassingAsserts":2,"retryReasons":[],"startAt":1756919410266,"status":"passed","title":"应该正确处理枚举类型"},{"ancestorTitles":["Database Entities","Conversation Entity"],"duration":2,"failing":false,"failureDetails":[],"failureMessages":[],"fullName":"Database Entities Conversation Entity 应该正确创建对话实体","invocations":1,"location":null,"numPassingAsserts":15,"retryReasons":[],"startAt":1756919410267,"status":"passed","title":"应该正确创建对话实体"},{"ancestorTitles":["Database Entities","Conversation Entity"],"duration":1,"failing":false,"failureDetails":[],"failureMessages":[],"fullName":"Database Entities Conversation Entity 应该处理可选字段为null","invocations":1,"location":null,"numPassingAsserts":3,"retryReasons":[],"startAt":1756919410269,"status":"passed","title":"应该处理可选字段为null"},{"ancestorTitles":["Database Entities","Conversation Entity"],"duration":1,"failing":false,"failureDetails":[],"failureMessages":[],"fullName":"Database Entities Conversation Entity 应该正确设置默认值","invocations":1,"location":null,"numPassingAsserts":3,"retryReasons":[],"startAt":1756919410270,"status":"passed","title":"应该正确设置默认值"},{"ancestorTitles":["Database Entities","Conversation Entity"],"duration":1,"failing":false,"failureDetails":[],"failureMessages":[],"fullName":"Database Entities Conversation Entity 应该正确处理枚举类型","invocations":1,"location":null,"numPassingAsserts":2,"retryReasons":[],"startAt":1756919410271,"status":"passed","title":"应该正确处理枚举类型"},{"ancestorTitles":["Database Entities","Conversation Entity"],"duration":1,"failing":false,"failureDetails":[],"failureMessages":[],"fullName":"Database Entities Conversation Entity 应该正确处理JSONB消息数组","invocations":1,"location":null,"numPassingAsserts":4,"retryReasons":[],"startAt":1756919410272,"status":"passed","title":"应该正确处理JSONB消息数组"},{"ancestorTitles":["Database Entities","Conversation Entity"],"duration":1,"failing":false,"failureDetails":[],"failureMessages":[],"fullName":"Database Entities Conversation Entity 应该处理空消息数组","invocations":1,"location":null,"numPassingAsserts":1,"retryReasons":[],"startAt":1756919410273,"status":"passed","title":"应该处理空消息数组"},{"ancestorTitles":["Database Entities","Entity Relationships"],"duration":0,"failing":false,"failureDetails":[],"failureMessages":[],"fullName":"Database Entities Entity Relationships 应该建立用户和对话之间的关系","invocations":1,"location":null,"numPassingAsserts":3,"retryReasons":[],"startAt":1756919410274,"status":"passed","title":"应该建立用户和对话之间的关系"},{"ancestorTitles":["Database Entities","Entity Relationships"],"duration":0,"failing":false,"failureDetails":[],"failureMessages":[],"fullName":"Database Entities Entity Relationships 应该处理用户对话数组","invocations":1,"location":null,"numPassingAsserts":5,"retryReasons":[],"startAt":1756919410275,"status":"passed","title":"应该处理用户对话数组"}],"endTime":1756919410277,"message":"","name":"H:\\aithreadstash-project\\backend\\src\\database\\entities.spec.ts","startTime":1756919409967,"status":"passed","summary":""}],"wasInterrupted":false}
